#
# A fatal error has been detected by the Java Runtime Environment:
#
#  SIGSEGV (0xb) at pc=0x00007fff89d084dd, pid=1049, tid=74451
#
# JRE version: Java(TM) SE Runtime Environment (8.0_65-b17) (build 1.8.0_65-b17)
# Java VM: Java HotSpot(TM) 64-Bit Server VM (25.65-b01 mixed mode bsd-amd64 compressed oops)
# Problematic frame:
# C  [libobjc.A.dylib+0x14dd]  objc_msgSend+0x1d
#
# Failed to write core dump. Core dumps have been disabled. To enable core dumping, try "ulimit -c unlimited" before starting Java again
#
# If you would like to submit a bug report, please visit:
#   http://bugreport.java.com/bugreport/crash.jsp
# The crash happened outside the Java Virtual Machine in native code.
# See problematic frame for where to report the bug.
#

---------------  T H R E A D  ---------------

Current thread (0x00007f933b45d800):  JavaThread "Thread-3" [_thread_in_native, id=74451, stack(0x000070000293c000,0x0000700002a3c000)]

siginfo: si_signo: 11 (SIGSEGV), si_code: 1 (SEGV_MAPERR), si_addr: 0x000007f933f2bfa0

Registers:
RAX=0x0000000000000000, RBX=0x00007f933f2bff80, RCX=0x0000000000000000, RDX=0x0000700002a3b698
RSP=0x0000700002a3b728, RBP=0x0000700002a3b770, RSI=0x00007fff9492ab4e, RDI=0x00007f933f2bf080
R8 =0x000000000000007f, R9 =0x00007f933b9026d0, R10=0x00007fff9492ab4e, R11=0x000007f933f2bf88
R12=0x00007fff89d084c0, R13=0x00007fff9287502b, R14=0x00007fff9492ab4e, R15=0x00007f933f6394e0
RIP=0x00007fff89d084dd, EFLAGS=0x0000000000010206, ERR=0x0000000000000004
  TRAPNO=0x000000000000000e

Top of Stack: (sp=0x0000700002a3b728)
0x0000700002a3b728:   0000000125dfcd4b 00007f933f63bfb0
0x0000700002a3b738:   4014000000000000 3fa1eb851eb851ec
0x0000700002a3b748:   0000000128368c60 0000000000000000
0x0000700002a3b758:   0000000128368c60 00007f933b45d9f8
0x0000700002a3b768:   00007f933b45d800 0000700002a3b780
0x0000700002a3b778:   0000000125df1f71 0000700002a3b7b0
0x0000700002a3b788:   0000000125e14e95 0000000125e14e60
0x0000700002a3b798:   0000000128368c60 0000700002a3b828
0x0000700002a3b7a8:   00007f933b45d800 0000700002a3b808
0x0000700002a3b7b8:   000000010299e954 0000700002a3b878
0x0000700002a3b7c8:   0000700002a3b7c8 0000000000000000
0x0000700002a3b7d8:   0000700002a3b828 000000012836a7a8
0x0000700002a3b7e8:   0000000000000000 0000000128368c60
0x0000700002a3b7f8:   0000000000000000 0000700002a3b828
0x0000700002a3b808:   0000700002a3b870 0000000102990690
0x0000700002a3b818:   000000076bbc8ee0 0000000102998576
0x0000700002a3b828:   000000076d6cc898 0000700002a3b830
0x0000700002a3b838:   000000011b6a6b59 0000700002a3b890
0x0000700002a3b848:   000000011b941da8 0000000000000000
0x0000700002a3b858:   000000011b6a6c30 0000700002a3b828
0x0000700002a3b868:   0000700002a3b890 0000700002a3b8d8
0x0000700002a3b878:   00000001029909d0 0000000000000000
0x0000700002a3b888:   000000076d6d2b98 000000076b3e2720
0x0000700002a3b898:   0000700002a3b898 000000012836580a
0x0000700002a3b8a8:   0000700002a3b910 00000001283659d0
0x0000700002a3b8b8:   0000000000000000 0000000128365920
0x0000700002a3b8c8:   0000700002a3b890 0000700002a3b910
0x0000700002a3b8d8:   0000700002a3b958 0000000102990c92
0x0000700002a3b8e8:   000000076d6d25e8 000000076d6cd9c8
0x0000700002a3b8f8:   000000076d6cd920 000000076d6cd908
0x0000700002a3b908:   000000076d17b7f0 000000076b647e50
0x0000700002a3b918:   0000700002a3b918 000000011b2cd9cb 

Instructions: (pc=0x00007fff89d084dd)
0x00007fff89d084bd:   44 00 00 48 85 ff 2e 74 62 40 f6 c7 01 2e 75 66
0x00007fff89d084cd:   49 bb f8 ff ff ff ff 7f 00 00 4c 23 1f 49 89 f2
0x00007fff89d084dd:   45 23 53 18 49 c1 e2 04 4d 03 53 10 49 3b 32 75
0x00007fff89d084ed:   04 41 ff 62 08 49 83 3a 01 76 0d 49 83 c2 10 49 

Register to memory mapping:

RAX=0x0000000000000000 is an unknown value
RBX=0x00007f933f2bff80 is an unknown value
RCX=0x0000000000000000 is an unknown value
RDX=0x0000700002a3b698 is pointing into the stack for thread: 0x00007f933b45d800
RSP=0x0000700002a3b728 is pointing into the stack for thread: 0x00007f933b45d800
RBP=0x0000700002a3b770 is pointing into the stack for thread: 0x00007f933b45d800
RSI=0x00007fff9492ab4e is an unknown value
RDI=0x00007f933f2bf080 is an unknown value
R8 =0x000000000000007f is an unknown value
R9 =0x00007f933b9026d0 is an unknown value
R10=0x00007fff9492ab4e is an unknown value
R11=0x000007f933f2bf88 is an unknown value
R12=0x00007fff89d084c0: objc_msgSend+0 in /usr/lib/libobjc.A.dylib at 0x00007fff89d07000
R13=0x00007fff9287502b: -[NSTitlebarContainerView transparent]+0x46e13 in /System/Library/Frameworks/AppKit.framework/Versions/C/AppKit at 0x00007fff91e09000
R14=0x00007fff9492ab4e is an unknown value
R15=0x00007f933f6394e0 is an unknown value


Stack: [0x000070000293c000,0x0000700002a3c000],  sp=0x0000700002a3b728,  free space=1021k
Native frames: (J=compiled Java code, j=interpreted, Vv=VM code, C=native code)
C  [libobjc.A.dylib+0x14dd]  objc_msgSend+0x1d
C  [libopencv_videoio.3.0.dylib+0x4f71]  cvGrabFrame+0x11
C  [libjniopencv_videoio.dylib+0x7e95]  Java_org_bytedeco_javacpp_opencv_1videoio_cvGrabFrame+0x35
j  org.bytedeco.javacpp.opencv_videoio.cvGrabFrame(Lorg/bytedeco/javacpp/opencv_videoio$CvCapture;)I+0
j  org.bytedeco.javacv.OpenCVFrameGrabber.grab()Lorg/bytedeco/javacv/Frame;+33
j  com.emaraic.CamRecorder$Catcher.run()V+218
j  java.lang.Thread.run()V+11
v  ~StubRoutines::call_stub
V  [libjvm.dylib+0x2eab02]
V  [libjvm.dylib+0x2eb290]
V  [libjvm.dylib+0x2eb43c]
V  [libjvm.dylib+0x345959]
V  [libjvm.dylib+0x5612d3]
V  [libjvm.dylib+0x5629ce]
V  [libjvm.dylib+0x48342e]
C  [libsystem_pthread.dylib+0x3c13]  _pthread_body+0x83
C  [libsystem_pthread.dylib+0x3b90]  _pthread_body+0x0
C  [libsystem_pthread.dylib+0x1375]  thread_start+0xd
C  0x0000000000000000

Java frames: (J=compiled Java code, j=interpreted, Vv=VM code)
j  org.bytedeco.javacpp.opencv_videoio.cvGrabFrame(Lorg/bytedeco/javacpp/opencv_videoio$CvCapture;)I+0
j  org.bytedeco.javacv.OpenCVFrameGrabber.grab()Lorg/bytedeco/javacv/Frame;+33
j  com.emaraic.CamRecorder$Catcher.run()V+218
j  java.lang.Thread.run()V+11
v  ~StubRoutines::call_stub

---------------  P R O C E S S  ---------------

Java Threads: ( => current thread )
=>0x00007f933b45d800 JavaThread "Thread-3" [_thread_in_native, id=74451, stack(0x000070000293c000,0x0000700002a3c000)]
  0x00007f933b22e800 JavaThread "Thread-1" [_thread_in_native, id=40499, stack(0x0000700001dfd000,0x0000700001efd000)]
  0x00007f933a801800 JavaThread "TableLayout Debug" daemon [_thread_blocked, id=62491, stack(0x0000700001cfa000,0x0000700001dfa000)]
  0x00007f9339334800 JavaThread "DestroyJavaVM" [_thread_blocked, id=5891, stack(0x000070000011a000,0x000070000021a000)]
  0x00007f933b1e6000 JavaThread "AWT-EventQueue-0" [_thread_blocked, id=59395, stack(0x0000700001bf7000,0x0000700001cf7000)]
  0x00007f933a915800 JavaThread "Java2D Disposer" daemon [_thread_blocked, id=56587, stack(0x0000700001a71000,0x0000700001b71000)]
  0x00007f93398b6800 JavaThread "Java2D Queue Flusher" daemon [_thread_blocked, id=53767, stack(0x000070000196e000,0x0000700001a6e000)]
  0x00007f933a8a7800 JavaThread "AWT-Shutdown" [_thread_blocked, id=32019, stack(0x000070000165f000,0x000070000175f000)]
  0x00007f9339220000 JavaThread "AppKit Thread" daemon [_thread_in_native, id=2571, stack(0x00007fff5ede5000,0x00007fff5f5e5000)]
  0x00007f933a813000 JavaThread "Service Thread" daemon [_thread_blocked, id=21251, stack(0x0000700001353000,0x0000700001453000)]
  0x00007f9339803800 JavaThread "C1 CompilerThread3" daemon [_thread_blocked, id=20739, stack(0x0000700001250000,0x0000700001350000)]
  0x00007f933b03d000 JavaThread "C2 CompilerThread2" daemon [_thread_blocked, id=20227, stack(0x000070000114d000,0x000070000124d000)]
  0x00007f933a812800 JavaThread "C2 CompilerThread1" daemon [_thread_blocked, id=19715, stack(0x000070000104a000,0x000070000114a000)]
  0x00007f9339035800 JavaThread "C2 CompilerThread0" daemon [_thread_blocked, id=19203, stack(0x0000700000f47000,0x0000700001047000)]
  0x00007f9339042000 JavaThread "Signal Dispatcher" daemon [_thread_blocked, id=15887, stack(0x0000700000e44000,0x0000700000f44000)]
  0x00007f933901e800 JavaThread "Finalizer" daemon [_thread_blocked, id=14339, stack(0x0000700000c3b000,0x0000700000d3b000)]
  0x00007f933901e000 JavaThread "Reference Handler" daemon [_thread_blocked, id=13827, stack(0x0000700000b38000,0x0000700000c38000)]

Other Threads:
  0x00007f933a838800 VMThread [stack: 0x0000700000a35000,0x0000700000b35000] [id=13315]
  0x00007f933b03d800 WatcherThread [stack: 0x0000700001456000,0x0000700001556000] [id=21763]

VM state:not at safepoint (normal execution)

VM Mutex/Monitor currently owned by a thread: None

Heap:
 PSYoungGen      total 76288K, used 48860K [0x000000076ab00000, 0x0000000770000000, 0x00000007c0000000)
  eden space 65536K, 74% used [0x000000076ab00000,0x000000076dab7290,0x000000076eb00000)
  from space 10752K, 0% used [0x000000076f580000,0x000000076f580000,0x0000000770000000)
  to   space 10752K, 0% used [0x000000076eb00000,0x000000076eb00000,0x000000076f580000)
 ParOldGen       total 175104K, used 0K [0x00000006c0000000, 0x00000006cab00000, 0x000000076ab00000)
  object space 175104K, 0% used [0x00000006c0000000,0x00000006c0000000,0x00000006cab00000)
 Metaspace       used 15221K, capacity 15410K, committed 15744K, reserved 1062912K
  class space    used 1808K, capacity 1869K, committed 1920K, reserved 1048576K

Card table byte_map: [0x0000000111d49000,0x000000011254a000] byte_map_base: 0x000000010e749000

Marking Bits: (ParMarkBitMap*) 0x00000001022dee20
 Begin Bits: [0x0000000112aa0000, 0x0000000116aa0000)
 End Bits:   [0x0000000116aa0000, 0x000000011aaa0000)

Polling page: 0x00000001008de000

CodeCache: size=245760Kb used=4789Kb max_used=4789Kb free=240970Kb
 bounds [0x0000000102989000, 0x0000000102e49000, 0x0000000111989000]
 total_blobs=2029 nmethods=1396 adapters=547
 compilation: enabled

Compilation events (10 events):
Event: 17.656 Thread 0x00007f9339803800 1402       3       java.awt.EventQueue::coalesceMouseEvent (44 bytes)
Event: 17.657 Thread 0x00007f9339803800 nmethod 1402 0x0000000102e36f90 code [0x0000000102e37120, 0x0000000102e37568]
Event: 17.657 Thread 0x00007f9339803800 1403       1       java.util.logging.Level::intValue (5 bytes)
Event: 17.657 Thread 0x00007f9339803800 nmethod 1403 0x0000000102e37710 code [0x0000000102e37860, 0x0000000102e37970]
Event: 17.657 Thread 0x00007f9339803800 1404       3       javax.swing.JComponent::getX (5 bytes)
Event: 17.657 Thread 0x00007f9339803800 nmethod 1404 0x0000000102e379d0 code [0x0000000102e37b40, 0x0000000102e37cb0]
Event: 17.662 Thread 0x00007f9339803800 1405       1       java.awt.geom.AffineTransform::getShearY (5 bytes)
Event: 17.662 Thread 0x00007f9339803800 nmethod 1405 0x0000000102e37d10 code [0x0000000102e37e60, 0x0000000102e37f70]
Event: 17.663 Thread 0x00007f9339803800 1406       3       sun.java2d.loops.RenderCache$Entry::matches (30 bytes)
Event: 17.663 Thread 0x00007f9339803800 nmethod 1406 0x0000000102e37fd0 code [0x0000000102e38140, 0x0000000102e38370]

GC Heap History (0 events):
No events

Deoptimization events (7 events):
Event: 0.114 Thread 0x00007f933a801800 Uncommon trap: reason=unstable_if action=reinterpret pc=0x0000000102ace9c4 method=java.lang.String.hashCode()I @ 14
Event: 6.160 Thread 0x00007f933b22e800 Uncommon trap: reason=unstable_if action=reinterpret pc=0x0000000102b74458 method=java.lang.String.<init>([CII)V @ 18
Event: 6.305 Thread 0x00007f933b22e800 Uncommon trap: reason=unstable_if action=reinterpret pc=0x0000000102b7279c method=java.lang.String.replace(CC)Ljava/lang/String; @ 26
Event: 12.589 Thread 0x00007f933b22e800 Uncommon trap: reason=class_check action=maybe_recompile pc=0x0000000102c82188 method=java.io.FilterInputStream.read([B)I @ 5
Event: 12.590 Thread 0x00007f933b22e800 Uncommon trap: reason=class_check action=maybe_recompile pc=0x0000000102c82188 method=java.io.FilterInputStream.read([B)I @ 5
Event: 12.590 Thread 0x00007f933b22e800 Uncommon trap: reason=class_check action=maybe_recompile pc=0x0000000102c82188 method=java.io.FilterInputStream.read([B)I @ 5
Event: 12.593 Thread 0x00007f933b22e800 Uncommon trap: reason=unstable_if action=reinterpret pc=0x0000000102c435e4 method=java.lang.String.indexOf([CII[CIII)I @ 3

Internal exceptions (10 events):
Event: 0.112 Thread 0x00007f933a801800 Exception <a 'java/security/PrivilegedActionException'> (0x000000076afc0890) thrown at [/Users/java_re/workspace/8-2-build-macosx-x86_64/jdk8u65/4987/hotspot/src/share/vm/prims/jvm.cpp, line 1386]
Event: 0.113 Thread 0x00007f933a801800 Exception <a 'java/security/PrivilegedActionException'> (0x000000076afc0aa0) thrown at [/Users/java_re/workspace/8-2-build-macosx-x86_64/jdk8u65/4987/hotspot/src/share/vm/prims/jvm.cpp, line 1386]
Event: 0.129 Thread 0x00007f933a801800 Exception <a 'java/security/PrivilegedActionException'> (0x000000076b00ad68) thrown at [/Users/java_re/workspace/8-2-build-macosx-x86_64/jdk8u65/4987/hotspot/src/share/vm/prims/jvm.cpp, line 1386]
Event: 0.129 Thread 0x00007f933a801800 Exception <a 'java/security/PrivilegedActionException'> (0x000000076b00af78) thrown at [/Users/java_re/workspace/8-2-build-macosx-x86_64/jdk8u65/4987/hotspot/src/share/vm/prims/jvm.cpp, line 1386]
Event: 0.129 Thread 0x00007f933a801800 Exception <a 'java/security/PrivilegedActionException'> (0x000000076b00e218) thrown at [/Users/java_re/workspace/8-2-build-macosx-x86_64/jdk8u65/4987/hotspot/src/share/vm/prims/jvm.cpp, line 1386]
Event: 0.129 Thread 0x00007f933a801800 Exception <a 'java/security/PrivilegedActionException'> (0x000000076b00e428) thrown at [/Users/java_re/workspace/8-2-build-macosx-x86_64/jdk8u65/4987/hotspot/src/share/vm/prims/jvm.cpp, line 1386]
Event: 0.180 Thread 0x00007f933a801800 Exception <a 'java/lang/NoSuchFieldError': method resolution failed> (0x000000076b0dc868) thrown at [/Users/java_re/workspace/8-2-build-macosx-x86_64/jdk8u65/4987/hotspot/src/share/vm/prims/methodHandles.cpp, line 1146]
Event: 0.182 Thread 0x00007f933a801800 Exception <a 'java/lang/NoSuchFieldError': method resolution failed> (0x000000076b0ea038) thrown at [/Users/java_re/workspace/8-2-build-macosx-x86_64/jdk8u65/4987/hotspot/src/share/vm/prims/methodHandles.cpp, line 1146]
Event: 0.384 Thread 0x00007f933a801800 Exception <a 'java/io/FileNotFoundException'> (0x000000076b165ae0) thrown at [/Users/java_re/workspace/8-2-build-macosx-x86_64/jdk8u65/4987/hotspot/src/share/vm/prims/jni.cpp, line 709]
Event: 0.384 Thread 0x00007f933a801800 Exception <a 'java/io/FileNotFoundException'> (0x000000076b166630) thrown at [/Users/java_re/workspace/8-2-build-macosx-x86_64/jdk8u65/4987/hotspot/src/share/vm/prims/jni.cpp, line 709]

Events (10 events):
Event: 13.679 Executing VM operation: RevokeBias done
Event: 13.933 Executing VM operation: RevokeBias
Event: 13.933 Executing VM operation: RevokeBias done
Event: 14.186 Executing VM operation: BulkRevokeBias
Event: 14.186 Executing VM operation: BulkRevokeBias done
Event: 16.120 Thread 0x00007f933b45d800 Thread added: 0x00007f933b45d800
Event: 16.704 Executing VM operation: RevokeBias
Event: 16.704 Executing VM operation: RevokeBias done
Event: 16.807 Executing VM operation: RevokeBias
Event: 16.808 Executing VM operation: RevokeBias done


Dynamic libraries:
0x00000000029fd000 	/System/Library/Frameworks/Cocoa.framework/Versions/A/Cocoa
0x00000000029fd000 	/System/Library/Frameworks/Security.framework/Versions/A/Security
0x00000000029fd000 	/System/Library/Frameworks/ApplicationServices.framework/Versions/A/ApplicationServices
0x00000000029fd000 	/usr/lib/libz.1.dylib
0x00000000029fd000 	/usr/lib/libSystem.B.dylib
0x00000000029fd000 	/usr/lib/libobjc.A.dylib
0x00000000029fd000 	/System/Library/Frameworks/CoreFoundation.framework/Versions/A/CoreFoundation
0x00000000029fd000 	/System/Library/Frameworks/Foundation.framework/Versions/C/Foundation
0x00000000029fd000 	/System/Library/Frameworks/AppKit.framework/Versions/C/AppKit
0x00000000029fd000 	/System/Library/Frameworks/CoreData.framework/Versions/A/CoreData
0x00000000029fd000 	/System/Library/PrivateFrameworks/RemoteViewServices.framework/Versions/A/RemoteViewServices
0x00000000029fd000 	/System/Library/PrivateFrameworks/UIFoundation.framework/Versions/A/UIFoundation
0x00000000029fd000 	/usr/lib/libScreenReader.dylib
0x00000000029fd000 	/System/Library/Frameworks/Accelerate.framework/Versions/A/Accelerate
0x00000000029fd000 	/System/Library/Frameworks/IOSurface.framework/Versions/A/IOSurface
0x00000000029fd000 	/System/Library/Frameworks/AudioToolbox.framework/Versions/A/AudioToolbox
0x00000000029fd000 	/System/Library/Frameworks/AudioUnit.framework/Versions/A/AudioUnit
0x00000000029fd000 	/System/Library/PrivateFrameworks/DataDetectorsCore.framework/Versions/A/DataDetectorsCore
0x00000000029fd000 	/System/Library/PrivateFrameworks/DesktopServicesPriv.framework/Versions/A/DesktopServicesPriv
0x00000000029fd000 	/System/Library/Frameworks/Carbon.framework/Versions/A/Frameworks/HIToolbox.framework/Versions/A/HIToolbox
0x00000000029fd000 	/System/Library/Frameworks/QuartzCore.framework/Versions/A/QuartzCore
0x00000000029fd000 	/System/Library/Frameworks/Carbon.framework/Versions/A/Frameworks/SpeechRecognition.framework/Versions/A/SpeechRecognition
0x00000000029fd000 	/usr/lib/libauto.dylib
0x00000000029fd000 	/usr/lib/libicucore.A.dylib
0x00000000029fd000 	/usr/lib/libxml2.2.dylib
0x00000000029fd000 	/System/Library/PrivateFrameworks/CoreUI.framework/Versions/A/CoreUI
0x00000000029fd000 	/System/Library/Frameworks/CoreAudio.framework/Versions/A/CoreAudio
0x00000000029fd000 	/System/Library/Frameworks/DiskArbitration.framework/Versions/A/DiskArbitration
0x00000000029fd000 	/usr/lib/liblangid.dylib
0x00000000029fd000 	/System/Library/PrivateFrameworks/MultitouchSupport.framework/Versions/A/MultitouchSupport
0x00000000029fd000 	/System/Library/Frameworks/IOKit.framework/Versions/A/IOKit
0x00000000029fd000 	/usr/lib/libDiagnosticMessagesClient.dylib
0x00000000029fd000 	/System/Library/Frameworks/CoreServices.framework/Versions/A/CoreServices
0x00000000029fd000 	/System/Library/PrivateFrameworks/PerformanceAnalysis.framework/Versions/A/PerformanceAnalysis
0x00000000029fd000 	/System/Library/PrivateFrameworks/GenerationalStorage.framework/Versions/A/GenerationalStorage
0x00000000029fd000 	/System/Library/Frameworks/OpenGL.framework/Versions/A/OpenGL
0x00000000029fd000 	/System/Library/PrivateFrameworks/Sharing.framework/Versions/A/Sharing
0x00000000029fd000 	/System/Library/Frameworks/CoreGraphics.framework/Versions/A/CoreGraphics
0x00000000029fd000 	/System/Library/Frameworks/CoreImage.framework/Versions/A/CoreImage
0x00000000029fd000 	/System/Library/Frameworks/CoreText.framework/Versions/A/CoreText
0x00000000029fd000 	/System/Library/Frameworks/ImageIO.framework/Versions/A/ImageIO
0x00000000029fd000 	/System/Library/PrivateFrameworks/Backup.framework/Versions/A/Backup
0x00000000029fd000 	/usr/lib/libextension.dylib
0x00000000029fd000 	/usr/lib/libarchive.2.dylib
0x00000000029fd000 	/System/Library/Frameworks/CFNetwork.framework/Versions/A/CFNetwork
0x00000000029fd000 	/System/Library/Frameworks/SystemConfiguration.framework/Versions/A/SystemConfiguration
0x00000000029fd000 	/usr/lib/libCRFSuite.dylib
0x00000000029fd000 	/usr/lib/libc++.1.dylib
0x00000000029fd000 	/usr/lib/libc++abi.dylib
0x00000000029fd000 	/usr/lib/system/libcache.dylib
0x00000000029fd000 	/usr/lib/system/libcommonCrypto.dylib
0x00000000029fd000 	/usr/lib/system/libcompiler_rt.dylib
0x00000000029fd000 	/usr/lib/system/libcopyfile.dylib
0x00000000029fd000 	/usr/lib/system/libcorecrypto.dylib
0x00000000029fd000 	/usr/lib/system/libdispatch.dylib
0x00000000029fd000 	/usr/lib/system/libdyld.dylib
0x00000000029fd000 	/usr/lib/system/libkeymgr.dylib
0x00000000029fd000 	/usr/lib/system/liblaunch.dylib
0x00000000029fd000 	/usr/lib/system/libmacho.dylib
0x00000000029fd000 	/usr/lib/system/libquarantine.dylib
0x00000000029fd000 	/usr/lib/system/libremovefile.dylib
0x00000000029fd000 	/usr/lib/system/libsystem_asl.dylib
0x00000000029fd000 	/usr/lib/system/libsystem_blocks.dylib
0x00000000029fd000 	/usr/lib/system/libsystem_c.dylib
0x00000000029fd000 	/usr/lib/system/libsystem_configuration.dylib
0x00000000029fd000 	/usr/lib/system/libsystem_coreservices.dylib
0x00000000029fd000 	/usr/lib/system/libsystem_coretls.dylib
0x00000000029fd000 	/usr/lib/system/libsystem_dnssd.dylib
0x00000000029fd000 	/usr/lib/system/libsystem_info.dylib
0x00000000029fd000 	/usr/lib/system/libsystem_kernel.dylib
0x00000000029fd000 	/usr/lib/system/libsystem_m.dylib
0x00000000029fd000 	/usr/lib/system/libsystem_malloc.dylib
0x00000000029fd000 	/usr/lib/system/libsystem_network.dylib
0x00000000029fd000 	/usr/lib/system/libsystem_networkextension.dylib
0x00000000029fd000 	/usr/lib/system/libsystem_notify.dylib
0x00000000029fd000 	/usr/lib/system/libsystem_platform.dylib
0x00000000029fd000 	/usr/lib/system/libsystem_pthread.dylib
0x00000000029fd000 	/usr/lib/system/libsystem_sandbox.dylib
0x00000000029fd000 	/usr/lib/system/libsystem_secinit.dylib
0x00000000029fd000 	/usr/lib/system/libsystem_trace.dylib
0x00000000029fd000 	/usr/lib/system/libunc.dylib
0x00000000029fd000 	/usr/lib/system/libunwind.dylib
0x00000000029fd000 	/usr/lib/system/libxpc.dylib
0x00000000029fd000 	/usr/lib/libenergytrace.dylib
0x00000000029fd000 	/usr/lib/libbsm.0.dylib
0x00000000029fd000 	/usr/lib/system/libkxld.dylib
0x00000000029fd000 	/usr/lib/libxar.1.dylib
0x00000000029fd000 	/usr/lib/libsqlite3.dylib
0x00000000029fd000 	/usr/lib/libpam.2.dylib
0x00000000029fd000 	/usr/lib/libOpenScriptingUtil.dylib
0x00000000029fd000 	/usr/lib/libbz2.1.0.dylib
0x00000000029fd000 	/usr/lib/liblzma.5.dylib
0x00000000029fd000 	/System/Library/Frameworks/CoreServices.framework/Versions/A/Frameworks/FSEvents.framework/Versions/A/FSEvents
0x00000000029fd000 	/System/Library/Frameworks/CoreServices.framework/Versions/A/Frameworks/CarbonCore.framework/Versions/A/CarbonCore
0x00000000029fd000 	/System/Library/Frameworks/CoreServices.framework/Versions/A/Frameworks/Metadata.framework/Versions/A/Metadata
0x00000000029fd000 	/System/Library/Frameworks/CoreServices.framework/Versions/A/Frameworks/OSServices.framework/Versions/A/OSServices
0x00000000029fd000 	/System/Library/Frameworks/CoreServices.framework/Versions/A/Frameworks/SearchKit.framework/Versions/A/SearchKit
0x00000000029fd000 	/System/Library/Frameworks/CoreServices.framework/Versions/A/Frameworks/AE.framework/Versions/A/AE
0x00000000029fd000 	/System/Library/Frameworks/CoreServices.framework/Versions/A/Frameworks/LaunchServices.framework/Versions/A/LaunchServices
0x00000000029fd000 	/System/Library/Frameworks/CoreServices.framework/Versions/A/Frameworks/DictionaryServices.framework/Versions/A/DictionaryServices
0x00000000029fd000 	/System/Library/Frameworks/CoreServices.framework/Versions/A/Frameworks/SharedFileList.framework/Versions/A/SharedFileList
0x00000000029fd000 	/System/Library/Frameworks/NetFS.framework/Versions/A/NetFS
0x00000000029fd000 	/System/Library/PrivateFrameworks/NetAuth.framework/Versions/A/NetAuth
0x00000000029fd000 	/System/Library/PrivateFrameworks/login.framework/Versions/A/Frameworks/loginsupport.framework/Versions/A/loginsupport
0x00000000029fd000 	/System/Library/PrivateFrameworks/TCC.framework/Versions/A/TCC
0x00000000029fd000 	/usr/lib/libmecabra.dylib
0x00000000029fd000 	/System/Library/Frameworks/ApplicationServices.framework/Versions/A/Frameworks/ATS.framework/Versions/A/ATS
0x00000000029fd000 	/System/Library/Frameworks/ApplicationServices.framework/Versions/A/Frameworks/ColorSync.framework/Versions/A/ColorSync
0x00000000029fd000 	/System/Library/Frameworks/ApplicationServices.framework/Versions/A/Frameworks/HIServices.framework/Versions/A/HIServices
0x00000000029fd000 	/System/Library/Frameworks/ApplicationServices.framework/Versions/A/Frameworks/LangAnalysis.framework/Versions/A/LangAnalysis
0x00000000029fd000 	/System/Library/Frameworks/ApplicationServices.framework/Versions/A/Frameworks/PrintCore.framework/Versions/A/PrintCore
0x00000000029fd000 	/System/Library/Frameworks/ApplicationServices.framework/Versions/A/Frameworks/QD.framework/Versions/A/QD
0x00000000029fd000 	/System/Library/Frameworks/ApplicationServices.framework/Versions/A/Frameworks/SpeechSynthesis.framework/Versions/A/SpeechSynthesis
0x00000000029fd000 	/System/Library/Frameworks/Metal.framework/Versions/A/Metal
0x00000000029fd000 	/System/Library/Frameworks/Accelerate.framework/Versions/A/Frameworks/vImage.framework/Versions/A/vImage
0x00000000029fd000 	/System/Library/Frameworks/Accelerate.framework/Versions/A/Frameworks/vecLib.framework/Versions/A/vecLib
0x00000000029fd000 	/System/Library/Frameworks/Accelerate.framework/Versions/A/Frameworks/vecLib.framework/Versions/A/libvDSP.dylib
0x00000000029fd000 	/System/Library/Frameworks/Accelerate.framework/Versions/A/Frameworks/vecLib.framework/Versions/A/libvMisc.dylib
0x00000000029fd000 	/System/Library/Frameworks/Accelerate.framework/Versions/A/Frameworks/vecLib.framework/Versions/A/libLAPACK.dylib
0x00000000029fd000 	/System/Library/Frameworks/Accelerate.framework/Versions/A/Frameworks/vecLib.framework/Versions/A/libBLAS.dylib
0x00000000029fd000 	/System/Library/Frameworks/Accelerate.framework/Versions/A/Frameworks/vecLib.framework/Versions/A/libLinearAlgebra.dylib
0x00000000029fd000 	/System/Library/Frameworks/Accelerate.framework/Versions/A/Frameworks/vecLib.framework/Versions/A/libSparseBLAS.dylib
0x00000000029fd000 	/System/Library/PrivateFrameworks/GPUCompiler.framework/libmetal_timestamp.dylib
0x00000000029fd000 	/System/Library/Frameworks/OpenGL.framework/Versions/A/Libraries/libCoreFSCache.dylib
0x00000000029fd000 	/System/Library/PrivateFrameworks/IOAccelerator.framework/Versions/A/IOAccelerator
0x00000000029fd000 	/System/Library/Frameworks/ApplicationServices.framework/Versions/A/Frameworks/ATS.framework/Versions/A/Resources/libFontParser.dylib
0x00000000029fd000 	/System/Library/Frameworks/ApplicationServices.framework/Versions/A/Frameworks/ATS.framework/Versions/A/Resources/libFontRegistry.dylib
0x00000000029fd000 	/System/Library/PrivateFrameworks/AppleVPA.framework/Versions/A/AppleVPA
0x00000000029fd000 	/System/Library/PrivateFrameworks/AppleJPEG.framework/Versions/A/AppleJPEG
0x00000000029fd000 	/System/Library/Frameworks/ImageIO.framework/Versions/A/Resources/libJPEG.dylib
0x00000000029fd000 	/System/Library/Frameworks/ImageIO.framework/Versions/A/Resources/libTIFF.dylib
0x00000000029fd000 	/System/Library/Frameworks/ImageIO.framework/Versions/A/Resources/libPng.dylib
0x00000000029fd000 	/System/Library/Frameworks/ImageIO.framework/Versions/A/Resources/libGIF.dylib
0x00000000029fd000 	/System/Library/Frameworks/ImageIO.framework/Versions/A/Resources/libJP2.dylib
0x00000000029fd000 	/System/Library/Frameworks/ImageIO.framework/Versions/A/Resources/libRadiance.dylib
0x00000000029fd000 	/System/Library/Frameworks/CoreVideo.framework/Versions/A/CoreVideo
0x00000000029fd000 	/System/Library/Frameworks/OpenGL.framework/Versions/A/Libraries/libGLU.dylib
0x00000000029fd000 	/System/Library/Frameworks/OpenGL.framework/Versions/A/Libraries/libGFXShared.dylib
0x00000000029fd000 	/System/Library/Frameworks/OpenGL.framework/Versions/A/Libraries/libGL.dylib
0x00000000029fd000 	/System/Library/Frameworks/OpenGL.framework/Versions/A/Libraries/libGLImage.dylib
0x00000000029fd000 	/System/Library/Frameworks/OpenGL.framework/Versions/A/Libraries/libCVMSPluginSupport.dylib
0x00000000029fd000 	/System/Library/Frameworks/OpenGL.framework/Versions/A/Libraries/libCoreVMClient.dylib
0x00000000029fd000 	/usr/lib/libcups.2.dylib
0x00000000029fd000 	/System/Library/Frameworks/Kerberos.framework/Versions/A/Kerberos
0x00000000029fd000 	/System/Library/Frameworks/GSS.framework/Versions/A/GSS
0x00000000029fd000 	/usr/lib/libresolv.9.dylib
0x00000000029fd000 	/usr/lib/libiconv.2.dylib
0x00000000029fd000 	/System/Library/PrivateFrameworks/Heimdal.framework/Versions/A/Heimdal
0x00000000029fd000 	/usr/lib/libheimdal-asn1.dylib
0x00000000029fd000 	/System/Library/Frameworks/OpenDirectory.framework/Versions/A/OpenDirectory
0x00000000029fd000 	/System/Library/PrivateFrameworks/CommonAuth.framework/Versions/A/CommonAuth
0x00000000029fd000 	/System/Library/Frameworks/OpenDirectory.framework/Versions/A/Frameworks/CFOpenDirectory.framework/Versions/A/CFOpenDirectory
0x00000000029fd000 	/System/Library/Frameworks/SecurityFoundation.framework/Versions/A/SecurityFoundation
0x00000000029fd000 	/System/Library/PrivateFrameworks/LanguageModeling.framework/Versions/A/LanguageModeling
0x00000000029fd000 	/usr/lib/libmarisa.dylib
0x00000000029fd000 	/usr/lib/libChineseTokenizer.dylib
0x00000000029fd000 	/usr/lib/libcmph.dylib
0x00000000029fd000 	/usr/lib/libcompression.dylib
0x00000000029fd000 	/System/Library/Frameworks/ServiceManagement.framework/Versions/A/ServiceManagement
0x00000000029fd000 	/usr/lib/libxslt.1.dylib
0x00000000029fd000 	/System/Library/Frameworks/Carbon.framework/Versions/A/Frameworks/Ink.framework/Versions/A/Ink
0x00000000029fd000 	/usr/lib/libFosl_dynamic.dylib
0x00000000029fd000 	/System/Library/PrivateFrameworks/FaceCore.framework/Versions/A/FaceCore
0x00000000029fd000 	/System/Library/Frameworks/OpenCL.framework/Versions/A/OpenCL
0x00000000029fd000 	/System/Library/PrivateFrameworks/CrashReporterSupport.framework/Versions/A/CrashReporterSupport
0x00000000029fd000 	/System/Library/PrivateFrameworks/IconServices.framework/Versions/A/IconServices
0x00000000029fd000 	/System/Library/PrivateFrameworks/Apple80211.framework/Versions/A/Apple80211
0x00000000029fd000 	/System/Library/Frameworks/CoreWLAN.framework/Versions/A/CoreWLAN
0x00000000029fd000 	/System/Library/Frameworks/IOBluetooth.framework/Versions/A/IOBluetooth
0x00000000029fd000 	/System/Library/PrivateFrameworks/CoreWiFi.framework/Versions/A/CoreWiFi
0x00000000029fd000 	/System/Library/Frameworks/CoreBluetooth.framework/Versions/A/CoreBluetooth
0x00000000029fd000 	/System/Library/PrivateFrameworks/ChunkingLibrary.framework/Versions/A/ChunkingLibrary
0x00000000029fd000 	/System/Library/PrivateFrameworks/DebugSymbols.framework/Versions/A/DebugSymbols
0x00000000029fd000 	/System/Library/PrivateFrameworks/CoreSymbolication.framework/Versions/A/CoreSymbolication
0x00000000029fd000 	/System/Library/PrivateFrameworks/Symbolication.framework/Versions/A/Symbolication
0x00000000029fd000 	/System/Library/PrivateFrameworks/SpeechRecognitionCore.framework/Versions/A/SpeechRecognitionCore
0x0000000101a00000 	/Library/Java/JavaVirtualMachines/jdk1.8.0_65.jdk/Contents/Home/jre/lib/server/libjvm.dylib
0x00000000029fd000 	/usr/lib/libstdc++.6.dylib
0x000000010089b000 	/Library/Java/JavaVirtualMachines/jdk1.8.0_65.jdk/Contents/Home/jre/lib/libverify.dylib
0x00000001008a9000 	/Library/Java/JavaVirtualMachines/jdk1.8.0_65.jdk/Contents/Home/jre/lib/libjava.dylib
0x00000001008e8000 	/Library/Java/JavaVirtualMachines/jdk1.8.0_65.jdk/Contents/Home/jre/lib/libzip.dylib
0x00000001009e5000 	/System/Library/Frameworks/JavaVM.framework/Frameworks/JavaRuntimeSupport.framework/JavaRuntimeSupport
0x000000011d94b000 	/System/Library/Frameworks/JavaVM.framework/Versions/A/Frameworks/JavaNativeFoundation.framework/Versions/A/JavaNativeFoundation
0x000000011d960000 	/System/Library/Frameworks/JavaVM.framework/Versions/A/JavaVM
0x00000000029fd000 	/System/Library/Frameworks/Carbon.framework/Versions/A/Carbon
0x000000011d96d000 	/System/Library/PrivateFrameworks/JavaLaunching.framework/Versions/A/JavaLaunching
0x00000000029fd000 	/System/Library/Frameworks/Carbon.framework/Versions/A/Frameworks/CommonPanels.framework/Versions/A/CommonPanels
0x00000000029fd000 	/System/Library/Frameworks/Carbon.framework/Versions/A/Frameworks/Help.framework/Versions/A/Help
0x00000000029fd000 	/System/Library/Frameworks/Carbon.framework/Versions/A/Frameworks/ImageCapture.framework/Versions/A/ImageCapture
0x00000000029fd000 	/System/Library/Frameworks/Carbon.framework/Versions/A/Frameworks/OpenScripting.framework/Versions/A/OpenScripting
0x00000000029fd000 	/System/Library/Frameworks/Carbon.framework/Versions/A/Frameworks/Print.framework/Versions/A/Print
0x00000000029fd000 	/System/Library/Frameworks/Carbon.framework/Versions/A/Frameworks/SecurityHI.framework/Versions/A/SecurityHI
0x000000011f2fb000 	/Library/Java/JavaVirtualMachines/jdk1.8.0_65.jdk/Contents/Home/jre/lib/libawt.dylib
0x000000011f3a3000 	/Library/Java/JavaVirtualMachines/jdk1.8.0_65.jdk/Contents/Home/jre/lib/./libmlib_image.dylib
0x000000011f46f000 	/Library/Java/JavaVirtualMachines/jdk1.8.0_65.jdk/Contents/Home/jre/lib/libawt_lwawt.dylib
0x000000011f524000 	/Library/Java/JavaVirtualMachines/jdk1.8.0_65.jdk/Contents/Home/jre/lib/./libosxapp.dylib
0x00000000029fd000 	/System/Library/Frameworks/ExceptionHandling.framework/Versions/A/ExceptionHandling
0x00000000029fd000 	/System/Library/PrivateFrameworks/CoreServicesInternal.framework/Versions/A/CoreServicesInternal
0x00000000029fd000 	/System/Library/Frameworks/CoreGraphics.framework/Versions/A/Resources/libRIP.A.dylib
0x00000000029fd000 	/System/Library/Frameworks/Accelerate.framework/Versions/A/Frameworks/vImage.framework/Versions/A/Libraries/libCGInterfaces.dylib
0x00000000029fd000 	/System/Library/Frameworks/CoreGraphics.framework/Versions/A/Resources/libCGXType.A.dylib
0x00000000029fd000 	/System/Library/Frameworks/OpenCL.framework/Versions/A/Libraries/libcldcpuengine.dylib
0x00000000029fd000 	/System/Library/PrivateFrameworks/DiskImages.framework/Versions/A/DiskImages
0x00000000029fd000 	/System/Library/Frameworks/DiscRecording.framework/Versions/A/DiscRecording
0x00000000029fd000 	/usr/lib/libcsfde.dylib
0x00000000029fd000 	/usr/lib/libcurl.4.dylib
0x00000000029fd000 	/System/Library/PrivateFrameworks/MediaKit.framework/Versions/A/MediaKit
0x00000000029fd000 	/System/Library/PrivateFrameworks/ProtectedCloudStorage.framework/Versions/A/ProtectedCloudStorage
0x00000000029fd000 	/usr/lib/libCoreStorage.dylib
0x00000000029fd000 	/System/Library/PrivateFrameworks/EFILogin.framework/Versions/A/EFILogin
0x00000000029fd000 	/usr/lib/libutil.dylib
0x00000000029fd000 	/System/Library/PrivateFrameworks/FindMyDevice.framework/Versions/A/FindMyDevice
0x00000000029fd000 	/System/Library/Frameworks/LDAP.framework/Versions/A/LDAP
0x00000000029fd000 	/usr/lib/libsasl2.2.dylib
0x00000000029fd000 	/System/Library/PrivateFrameworks/CoreDaemon.framework/Versions/B/CoreDaemon
0x00000000029fd000 	/usr/lib/libcrypto.0.9.8.dylib
0x00000000029fd000 	/System/Library/PrivateFrameworks/AppleSRP.framework/Versions/A/AppleSRP
0x00000000029fd000 	/System/Library/PrivateFrameworks/TrustEvaluationAgent.framework/Versions/A/TrustEvaluationAgent
0x000000012106f000 	cl_kernels
0x00000000029fd000 	/System/Library/Frameworks/OpenCL.framework/Versions/A/Libraries/ImageFormats/unorm8_bgra.dylib
0x00000000029fd000 	/System/Library/Frameworks/OpenCL.framework/Versions/A/Libraries/ImageFormats/unorm8_rgba.dylib
0x00000000029fd000 	/System/Library/PrivateFrameworks/FamilyControls.framework/Versions/A/FamilyControls
0x00000000029fd000 	/System/Library/PrivateFrameworks/CommerceKit.framework/Versions/A/Frameworks/CommerceCore.framework/Versions/A/CommerceCore
0x00000000029fd000 	/System/Library/PrivateFrameworks/SystemAdministration.framework/Versions/A/SystemAdministration
0x00000000029fd000 	/System/Library/PrivateFrameworks/AppContainer.framework/Versions/A/AppContainer
0x00000000029fd000 	/System/Library/PrivateFrameworks/SecCodeWrapper.framework/Versions/A/SecCodeWrapper
0x00000000029fd000 	/System/Library/Frameworks/DirectoryService.framework/Versions/A/DirectoryService
0x00000000029fd000 	/System/Library/PrivateFrameworks/LoginUIKit.framework/Versions/A/Frameworks/LoginUICore.framework/Versions/A/LoginUICore
0x00000000029fd000 	/usr/lib/libodfde.dylib
0x00000000029fd000 	/System/Library/Frameworks/OpenGL.framework/Versions/A/Resources/GLEngine.bundle/GLEngine
0x00000000029fd000 	/System/Library/Frameworks/OpenGL.framework/Versions/A/Libraries/libGLProgrammability.dylib
0x0000000122165000 	/System/Library/Extensions/AppleIntelHD5000GraphicsGLDriver.bundle/Contents/MacOS/AppleIntelHD5000GraphicsGLDriver
0x00000000029fd000 	/System/Library/PrivateFrameworks/GPUSupport.framework/Versions/A/Libraries/libGPUSupportMercury.dylib
0x00000000029fd000 	/System/Library/Frameworks/OpenGL.framework/Versions/A/Resources/GLRendererFloat.bundle/GLRendererFloat
0x0000000123153000 	/Library/Java/JavaVirtualMachines/jdk1.8.0_65.jdk/Contents/Home/jre/lib/libfontmanager.dylib
0x00000001231ba000 	/Library/Java/JavaVirtualMachines/jdk1.8.0_65.jdk/Contents/Home/jre/lib/libosxui.dylib
0x000000012989c000 	/System/Library/Extensions/AppleIntelHD5000GraphicsMTLDriver.bundle/Contents/MacOS/AppleIntelHD5000GraphicsMTLDriver
0x00000001286b7000 	/Library/Java/JavaVirtualMachines/jdk1.8.0_65.jdk/Contents/Home/jre/lib/libnet.dylib
0x00000001284bf000 	/Library/Java/JavaVirtualMachines/jdk1.8.0_65.jdk/Contents/Home/jre/lib/libnio.dylib
0x00000000029fd000 	/System/Library/Frameworks/ApplicationServices.framework/Versions/A/Frameworks/ATS.framework/Versions/A/Resources/libTrueTypeScaler.dylib
0x00000001259fc000 	/private/var/folders/64/18bvb_6d4rz984kglqq6p2lr0000gn/T/javacpp1425444251418/libopencv_core.3.0.dylib
0x0000000127d1c000 	/private/var/folders/64/18bvb_6d4rz984kglqq6p2lr0000gn/T/javacpp1425444251418/libopencv_imgproc.3.0.dylib
0x0000000128069000 	/private/var/folders/64/18bvb_6d4rz984kglqq6p2lr0000gn/T/javacpp1425444251418/libjniopencv_core.dylib
0x000000012966f000 	/private/var/folders/64/18bvb_6d4rz984kglqq6p2lr0000gn/T/javacpp1425444251418/libjniopencv_imgproc.dylib
0x000000012b012000 	/private/var/folders/64/18bvb_6d4rz984kglqq6p2lr0000gn/T/javacpp1425444251418/libopencv_imgcodecs.3.0.dylib
0x0000000125dd3000 	/private/var/folders/64/18bvb_6d4rz984kglqq6p2lr0000gn/T/javacpp1425444251418/libjniopencv_imgcodecs.dylib
0x0000000125ded000 	/private/var/folders/64/18bvb_6d4rz984kglqq6p2lr0000gn/T/javacpp1425444251418/libopencv_videoio.3.0.dylib
0x00000000029fd000 	/System/Library/Frameworks/QTKit.framework/Versions/A/QTKit
0x00000000029fd000 	/System/Library/Frameworks/AVFoundation.framework/Versions/A/AVFoundation
0x00000000029fd000 	/System/Library/Frameworks/CoreMedia.framework/Versions/A/CoreMedia
0x00000000029fd000 	/System/Library/Frameworks/MediaToolbox.framework/Versions/A/MediaToolbox
0x00000000029fd000 	/System/Library/Frameworks/VideoToolbox.framework/Versions/A/VideoToolbox
0x00000000029fd000 	/System/Library/PrivateFrameworks/CoreMediaAuthoring.framework/Versions/A/CoreMediaAuthoring
0x00000000029fd000 	/System/Library/Frameworks/CoreMediaIO.framework/Versions/A/CoreMediaIO
0x00000000029fd000 	/System/Library/Frameworks/AVFoundation.framework/Versions/A/Resources/libAVFAudio.dylib
0x00000000029fd000 	/usr/lib/libspindump.dylib
0x00000000029fd000 	/System/Library/PrivateFrameworks/CoreAVCHD.framework/Versions/A/CoreAVCHD
0x00000000029fd000 	/System/Library/Frameworks/MediaAccessibility.framework/Versions/A/MediaAccessibility
0x00000000029fd000 	/System/Library/PrivateFrameworks/Mangrove.framework/Versions/A/Mangrove
0x00000000029fd000 	/System/Library/PrivateFrameworks/CoreAUC.framework/Versions/A/CoreAUC
0x00000000029fd000 	/System/Library/PrivateFrameworks/AppleVA.framework/Versions/A/AppleVA
0x00000000029fd000 	/System/Library/PrivateFrameworks/XPCService.framework/Versions/A/XPCService
0x00000000029fd000 	/System/Library/PrivateFrameworks/AppSandbox.framework/Versions/A/AppSandbox
0x00000000029fd000 	/usr/lib/libsandbox.1.dylib
0x00000000029fd000 	/usr/lib/libMatch.1.dylib
0x0000000125e0d000 	/private/var/folders/64/18bvb_6d4rz984kglqq6p2lr0000gn/T/javacpp1425444251418/libjniopencv_videoio.dylib
0x0000000125e20000 	/System/Library/Extensions/AppleHDA.kext/Contents/PlugIns/AppleHDAHALPlugIn.bundle/Contents/MacOS/AppleHDAHALPlugIn
0x000000012972d000 	/Library/CoreMediaIO/Plug-Ins/DAL/AppleCamera.plugin/Contents/MacOS/AppleCamera
0x000000012a172000 	/System/Library/Frameworks/CoreMediaIO.framework/Resources/CMIOUnits.bundle/Contents/MacOS/CMIOUnits
0x0000000129758000 	/System/Library/PrivateFrameworks/FWAVC.framework/Versions/A/FWAVC
0x00000000029fd000 	/System/Library/PrivateFrameworks/AppleGVA.framework/Versions/A/AppleGVA
0x000000012979b000 	/private/var/folders/64/18bvb_6d4rz984kglqq6p2lr0000gn/T/javacpp1425444251418/libavutil.54.dylib
0x0000000125e36000 	/System/Library/Frameworks/VideoDecodeAcceleration.framework/Versions/A/VideoDecodeAcceleration
0x00000001297fe000 	/private/var/folders/64/18bvb_6d4rz984kglqq6p2lr0000gn/T/javacpp1425444251418/libjniavutil.dylib
0x000000012a2fe000 	/private/var/folders/64/18bvb_6d4rz984kglqq6p2lr0000gn/T/javacpp1425444251418/libswresample.1.dylib
0x0000000128255000 	/private/var/folders/64/18bvb_6d4rz984kglqq6p2lr0000gn/T/javacpp1425444251418/libjniswresample.dylib
0x000000018279b000 	/private/var/folders/64/18bvb_6d4rz984kglqq6p2lr0000gn/T/javacpp1425444251418/libavcodec.56.dylib
0x000000012a84a000 	/private/var/folders/64/18bvb_6d4rz984kglqq6p2lr0000gn/T/javacpp1425444251418/libjniavcodec.dylib
0x000000012ab0d000 	/private/var/folders/64/18bvb_6d4rz984kglqq6p2lr0000gn/T/javacpp1425444251418/libavformat.56.dylib
0x000000012a372000 	/private/var/folders/64/18bvb_6d4rz984kglqq6p2lr0000gn/T/javacpp1425444251418/libjniavformat.dylib
0x0000000120cb5000 	/private/var/folders/64/18bvb_6d4rz984kglqq6p2lr0000gn/T/javacpp1425444251418/libswscale.3.dylib
0x0000000120c04000 	/private/var/folders/64/18bvb_6d4rz984kglqq6p2lr0000gn/T/javacpp1425444251418/libjniswscale.dylib

VM Arguments:
jvm_args: -Dfile.encoding=UTF-8 
java_command: com.emaraic.CamRecorder
java_class_path (initial): /Users/Emaraic/Personal/CS/Topics/Computer Vision/Libraries & APIs/OpenCV/Setups/javacv-1.0-bin/javacv-bin/artoolkitplus-android-arm.jar:/Users/Emaraic/Personal/CS/Topics/Computer Vision/Libraries & APIs/OpenCV/Setups/javacv-1.0-bin/javacv-bin/artoolkitplus-android-x86.jar:/Users/Emaraic/Personal/CS/Topics/Computer Vision/Libraries & APIs/OpenCV/Setups/javacv-1.0-bin/javacv-bin/artoolkitplus-linux-x86.jar:/Users/Emaraic/Personal/CS/Topics/Computer Vision/Libraries & APIs/OpenCV/Setups/javacv-1.0-bin/javacv-bin/artoolkitplus-linux-x86_64.jar:/Users/Emaraic/Personal/CS/Topics/Computer Vision/Libraries & APIs/OpenCV/Setups/javacv-1.0-bin/javacv-bin/artoolkitplus-macosx-x86_64.jar:/Users/Emaraic/Personal/CS/Topics/Computer Vision/Libraries & APIs/OpenCV/Setups/javacv-1.0-bin/javacv-bin/artoolkitplus-windows-x86.jar:/Users/Emaraic/Personal/CS/Topics/Computer Vision/Libraries & APIs/OpenCV/Setups/javacv-1.0-bin/javacv-bin/artoolkitplus-windows-x86_64.jar:/Users/Emaraic/Personal/CS/Topics/Computer Vision/Libraries & APIs/OpenCV/Setups/javacv-1.0-bin/javacv-bin/artoolkitplus.jar:/Users/Emaraic/Personal/CS/Topics/Computer Vision/Libraries & APIs/OpenCV/Setups/javacv-1.0-bin/javacv-bin/ffmpeg-android-arm.jar:/Users/Emaraic/Personal/CS/Topics/Computer Vision/Libraries & APIs/OpenCV/Setups/javacv-1.0-bin/javacv-bin/ffmpeg-android-x86.jar:/Users/Emaraic/Personal/CS/Topics/Computer Vision/Libraries & APIs/OpenCV/Setups/javacv-1.0-bin/javacv-bin/ffmpeg-linux-x86.jar:/Users/Emaraic/Personal/CS/Topics/Computer Vision/Libraries & APIs/OpenCV/Setups/javacv-1.0-bin/javacv-bin/ffmpeg-linux-x86_64.jar:/Users/Emaraic/Personal/CS/Topics/Computer Vision/Libraries & APIs/OpenCV/Setups/javacv-1.0-bin/javacv-bin/ffmpeg-macosx-x86_64.jar:/Users/Emaraic/Personal/CS/Topics/Computer Vision/Libraries & APIs/OpenCV/Setups/javacv-1.0-bin/javacv-bin/ffmpeg-windows-x86.jar:/Users/Emaraic/Personal/CS/Topics/Computer Vision/Libraries & APIs/OpenCV/Setups/javacv-1.0-bin/javacv
Launcher Type: SUN_STANDARD

Environment Variables:
PATH=/usr/bin:/bin:/usr/sbin:/sbin
LD_LIBRARY_PATH=/Library/Java/JavaVirtualMachines/jdk1.8.0_65.jdk/Contents/Home/jre/lib/amd64:/Library/Java/JavaVirtualMachines/jdk1.8.0_65.jdk/Contents/Home/jre/lib/i386:
SHELL=/bin/bash

Signal Handlers:
SIGSEGV: [libjvm.dylib+0x5a6d31], sa_mask[0]=11111111011111110111111111111111, sa_flags=SA_ONSTACK|SA_RESTART|SA_SIGINFO
SIGBUS: [libjvm.dylib+0x5a6d31], sa_mask[0]=11111111011111110111111111111111, sa_flags=SA_RESTART|SA_SIGINFO
SIGFPE: [libjvm.dylib+0x480a40], sa_mask[0]=11111111011111110111111111111111, sa_flags=SA_RESTART|SA_SIGINFO
SIGPIPE: [libjvm.dylib+0x480a40], sa_mask[0]=11111111011111110111111111111111, sa_flags=SA_RESTART|SA_SIGINFO
SIGXFSZ: [libjvm.dylib+0x480a40], sa_mask[0]=11111111011111110111111111111111, sa_flags=SA_RESTART|SA_SIGINFO
SIGILL: [libjvm.dylib+0x480a40], sa_mask[0]=11111111011111110111111111111111, sa_flags=SA_RESTART|SA_SIGINFO
SIGUSR1: SIG_DFL, sa_mask[0]=00000000000000000000000000000000, sa_flags=none
SIGUSR2: [libjvm.dylib+0x48055e], sa_mask[0]=00100000000000000000000000000000, sa_flags=SA_RESTART|SA_SIGINFO
SIGHUP: [libjvm.dylib+0x47eb35], sa_mask[0]=11111111011111110111111111111111, sa_flags=SA_RESTART|SA_SIGINFO
SIGINT: SIG_IGN, sa_mask[0]=00000000000000000000000000000000, sa_flags=none
SIGTERM: [libjvm.dylib+0x47eb35], sa_mask[0]=11111111011111110111111111111111, sa_flags=SA_RESTART|SA_SIGINFO
SIGQUIT: [libjvm.dylib+0x47eb35], sa_mask[0]=11111111011111110111111111111111, sa_flags=SA_RESTART|SA_SIGINFO


---------------  S Y S T E M  ---------------

OS:Bsduname:Darwin 15.3.0 Darwin Kernel Version 15.3.0: Thu Dec 10 18:40:58 PST 2015; root:xnu-3248.30.4~1/RELEASE_X86_64 x86_64
rlimit: STACK 8192k, CORE 0k, NPROC 709, NOFILE 10240, AS infinity
load average:1.61 1.59 1.36

CPU:total 8 (4 cores per cpu, 2 threads per core) family 6 model 70 stepping 1, cmov, cx8, fxsr, mmx, sse, sse2, sse3, ssse3, sse4.1, sse4.2, popcnt, avx, avx2, aes, clmul, erms, lzcnt, ht, tsc, tscinvbit, bmi1, bmi2

Memory: 4k page, physical 16777216k(3945700k free)

/proc/meminfo:


vm_info: Java HotSpot(TM) 64-Bit Server VM (25.65-b01) for bsd-amd64 JRE (1.8.0_65-b17), built on Oct  6 2015 15:36:46 by "java_re" with gcc 4.2.1 (Based on Apple Inc. build 5658) (LLVM build 2336.11.00)

time: Tue Mar 15 11:33:55 2016
elapsed time: 17 seconds (0d 0h 0m 17s)

