#
# A fatal error has been detected by the Java Runtime Environment:
#
#  SIGSEGV (0xb) at pc=0x0000000185061706, pid=1509, tid=59907
#
# JRE version: Java(TM) SE Runtime Environment (8.0_65-b17) (build 1.8.0_65-b17)
# Java VM: Java HotSpot(TM) 64-Bit Server VM (25.65-b01 mixed mode bsd-amd64 compressed oops)
# Problematic frame:
# C  [libavcodec.56.dylib+0xa6f706]  x264_slicetype_decide+0x796
#
# Failed to write core dump. Core dumps have been disabled. To enable core dumping, try "ulimit -c unlimited" before starting Java again
#
# If you would like to submit a bug report, please visit:
#   http://bugreport.java.com/bugreport/crash.jsp
# The crash happened outside the Java Virtual Machine in native code.
# See problematic frame for where to report the bug.
#

---------------  T H R E A D  ---------------

Current thread (0x00007fd63c9e7800):  JavaThread "AWT-EventQueue-0" [_thread_in_native, id=59907, stack(0x0000700001c7a000,0x0000700001d7a000)]

siginfo: si_signo: 11 (SIGSEGV), si_code: 1 (SEGV_MAPERR), si_addr: 0x0000000000000014

Registers:
RAX=0x0000000000000000, RBX=0x00007fd63bb20620, RCX=0x0000000000000000, RDX=0x0000000000000000
RSP=0x0000700001d72290, RBP=0x0000000000000000, RSI=0x00007fd6432c5420, RDI=0x00007fd63bb20620
R8 =0x00000000fffffffc, R9 =0x00007fd642804488, R10=0x0000000000000000, R11=0xffffffff00000000
R12=0x0000000000000000, R13=0x0000000000000001, R14=0x0000000000000001, R15=0x0000000000000000
RIP=0x0000000185061706, EFLAGS=0x0000000000010246, ERR=0x0000000000000004
  TRAPNO=0x000000000000000e

Top of Stack: (sp=0x0000700001d72290)
0x0000700001d72290:   0000700000000000 00000000812d4590
0x0000700001d722a0:   000070002385fc60 0000000000000000
0x0000700001d722b0:   00000001238140c8 0000000023811fc0
0x0000700001d722c0:   0000000100000001 000000000000000c
0x0000700001d722d0:   00007fd63f65a620 0000000185b32df8
0x0000700001d722e0:   0000000185b32df8 00000000238576e8
0x0000700001d722f0:   0000000123678a50 0000000000000000
0x0000700001d72300:   000000002385fc40 0000000023868168
0x0000700001d72310:   00000000238601a0 0000000023840698
0x0000700001d72320:   0000000023866a48 00000000238405f8
0x0000700001d72330:   000000002367c780 000000002385fc60
0x0000700001d72340:   00000000238681c8 0000000000000000
0x0000700001d72350:   0000000000000018 0000000000000000
0x0000700001d72360:   00007fff238405d8 00000000812da590
0x0000700001d72370:   0000000000000000 00007fff7e808aa0
0x0000700001d72380:   00000000238652b8 00000001236789f0
0x0000700001d72390:   0000000023678a70 0000000023826050
0x0000700001d723a0:   0000700023840698 0000000023825f90
0x0000700001d723b0:   00000000238405d8 0000000123840618
0x0000700001d723c0:   ff80000023840598 0000000023860180
0x0000700001d723d0:   00007000235edf70 00000000812c23f8
0x0000700001d723e0:   0000000000000000 0000000000000000
0x0000700001d723f0:   0000000023826030 0000000000000000
0x0000700001d72400:   0000700023825f70 00007fff23856760
0x0000700001d72410:   0000000123840658 000000002c805288
0x0000700001d72420:   000000010855f000 0000000123840538
0x0000700001d72430:   0000000000000006 00007fd642794fa4
0x0000700001d72440:   0000700001d72530 00007fff9d1cda36
0x0000700001d72450:   000000010855f000 0000000108566600
0x0000700001d72460:   000000002385bba0 0000000000000000
0x0000700001d72470:   0000700001d72560 00007fff23811fa0
0x0000700001d72480:   0000700001d72570 00007fff9d1cda36 

Instructions: (pc=0x0000000185061706)
0x00000001850616e6:   83 bb e0 02 00 00 00 75 4d 48 8b 83 c8 bf 00 00
0x00000001850616f6:   48 8b 80 d0 00 00 00 48 8b 4c 24 18 48 8b 04 c8
0x0000000185061706:   83 78 14 03 75 30 83 bb 24 02 00 00 00 7e 27 0f
0x0000000185061716:   77 48 8b 83 c8 bf 00 00 48 8b 50 10 48 8b 80 d0 

Register to memory mapping:

RAX=0x0000000000000000 is an unknown value
RBX=0x00007fd63bb20620 is an unknown value
RCX=0x0000000000000000 is an unknown value
RDX=0x0000000000000000 is an unknown value
RSP=0x0000700001d72290 is pointing into the stack for thread: 0x00007fd63c9e7800
RBP=0x0000000000000000 is an unknown value
RSI=0x00007fd6432c5420 is an unknown value
RDI=0x00007fd63bb20620 is an unknown value
R8 =0x00000000fffffffc is an unknown value
R9 =0x00007fd642804488 is an unknown value
R10=0x0000000000000000 is an unknown value
R11=0xffffffff00000000 is an unknown value
R12=0x0000000000000000 is an unknown value
R13=0x0000000000000001 is an unknown value
R14=0x0000000000000001 is an unknown value
R15=0x0000000000000000 is an unknown value


Stack: [0x0000700001c7a000,0x0000700001d7a000],  sp=0x0000700001d72290,  free space=992k
Native frames: (J=compiled Java code, j=interpreted, Vv=VM code, C=native code)
C  [libavcodec.56.dylib+0xa6f706]  x264_slicetype_decide+0x796

Java frames: (J=compiled Java code, j=interpreted, Vv=VM code)
j  org.bytedeco.javacpp.avcodec.avcodec_encode_video2(Lorg/bytedeco/javacpp/avcodec$AVCodecContext;Lorg/bytedeco/javacpp/avcodec$AVPacket;Lorg/bytedeco/javacpp/avutil$AVFrame;[I)I+0
j  org.bytedeco.javacv.FFmpegFrameRecorder.recordImage(IIIIII[Ljava/nio/Buffer;)Z+815
j  org.bytedeco.javacv.FFmpegFrameRecorder.stop()V+25
j  com.emaraic.CamRecorder.jButton1ActionPerformed(Ljava/awt/event/ActionEvent;)V+3
j  com.emaraic.CamRecorder.access$000(Lcom/emaraic/CamRecorder;Ljava/awt/event/ActionEvent;)V+2
j  com.emaraic.CamRecorder$1.actionPerformed(Ljava/awt/event/ActionEvent;)V+5
j  javax.swing.AbstractButton.fireActionPerformed(Ljava/awt/event/ActionEvent;)V+83
j  javax.swing.AbstractButton$Handler.actionPerformed(Ljava/awt/event/ActionEvent;)V+5
j  javax.swing.DefaultButtonModel.fireActionPerformed(Ljava/awt/event/ActionEvent;)V+34
j  javax.swing.DefaultButtonModel.setPressed(Z)V+117
j  javax.swing.plaf.basic.BasicButtonListener.mouseReleased(Ljava/awt/event/MouseEvent;)V+35
j  java.awt.Component.processMouseEvent(Ljava/awt/event/MouseEvent;)V+64
j  javax.swing.JComponent.processMouseEvent(Ljava/awt/event/MouseEvent;)V+23
j  java.awt.Component.processEvent(Ljava/awt/AWTEvent;)V+81
j  java.awt.Container.processEvent(Ljava/awt/AWTEvent;)V+18
j  java.awt.Component.dispatchEventImpl(Ljava/awt/AWTEvent;)V+589
j  java.awt.Container.dispatchEventImpl(Ljava/awt/AWTEvent;)V+42
j  java.awt.Component.dispatchEvent(Ljava/awt/AWTEvent;)V+2
j  java.awt.LightweightDispatcher.retargetMouseEvent(Ljava/awt/Component;ILjava/awt/event/MouseEvent;)V+327
j  java.awt.LightweightDispatcher.processMouseEvent(Ljava/awt/event/MouseEvent;)Z+155
j  java.awt.LightweightDispatcher.dispatchEvent(Ljava/awt/AWTEvent;)Z+50
j  java.awt.Container.dispatchEventImpl(Ljava/awt/AWTEvent;)V+12
j  java.awt.Window.dispatchEventImpl(Ljava/awt/AWTEvent;)V+19
J 1116 C1 java.awt.EventQueue.dispatchEventImpl(Ljava/awt/AWTEvent;Ljava/lang/Object;)V (149 bytes) @ 0x000000010abeff24 [0x000000010abee6c0+0x1864]
J 1114 C1 java.awt.EventQueue$3.run()Ljava/lang/Void; (60 bytes) @ 0x000000010abeb194 [0x000000010abeaf80+0x214]
J 1113 C1 java.awt.EventQueue$3.run()Ljava/lang/Object; (5 bytes) @ 0x000000010abeb88c [0x000000010abeb800+0x8c]
v  ~StubRoutines::call_stub
J 775  java.security.AccessController.doPrivileged(Ljava/security/PrivilegedAction;Ljava/security/AccessControlContext;)Ljava/lang/Object; (0 bytes) @ 0x000000010aac8a63 [0x000000010aac8a00+0x63]
J 1011 C1 java.awt.EventQueue$4.run()Ljava/lang/Object; (5 bytes) @ 0x000000010ab6ef2c [0x000000010ab6eb00+0x42c]
v  ~StubRoutines::call_stub
J 775  java.security.AccessController.doPrivileged(Ljava/security/PrivilegedAction;Ljava/security/AccessControlContext;)Ljava/lang/Object; (0 bytes) @ 0x000000010aac8a63 [0x000000010aac8a00+0x63]
J 985 C1 java.awt.EventQueue.dispatchEvent(Ljava/awt/AWTEvent;)V (80 bytes) @ 0x000000010ab5b374 [0x000000010ab5a4c0+0xeb4]
J 987 C1 java.awt.EventDispatchThread.pumpOneEventForFilters(I)V (295 bytes) @ 0x000000010ab5e0fc [0x000000010ab5c580+0x1b7c]
j  java.awt.EventDispatchThread.pumpEventsForFilter(ILjava/awt/Conditional;Ljava/awt/EventFilter;)V+35
j  java.awt.EventDispatchThread.pumpEventsForHierarchy(ILjava/awt/Conditional;Ljava/awt/Component;)V+11
j  java.awt.EventDispatchThread.pumpEvents(ILjava/awt/Conditional;)V+4
j  java.awt.EventDispatchThread.pumpEvents(Ljava/awt/Conditional;)V+3
j  java.awt.EventDispatchThread.run()V+9
v  ~StubRoutines::call_stub

---------------  P R O C E S S  ---------------

Java Threads: ( => current thread )
  0x00007fd63cc3b800 JavaThread "TableLayout Debug" daemon [_thread_blocked, id=81139, stack(0x0000700001f89000,0x0000700002089000)]
=>0x00007fd63c9e7800 JavaThread "AWT-EventQueue-0" [_thread_in_native, id=59907, stack(0x0000700001c7a000,0x0000700001d7a000)]
  0x00007fd63e8fc800 JavaThread "Java2D Disposer" daemon [_thread_blocked, id=56835, stack(0x0000700001af4000,0x0000700001bf4000)]
  0x00007fd63f184000 JavaThread "Java2D Queue Flusher" daemon [_thread_blocked, id=54023, stack(0x00007000019f1000,0x0000700001af1000)]
  0x00007fd63c95d800 JavaThread "AWT-Shutdown" [_thread_blocked, id=32019, stack(0x000070000165f000,0x000070000175f000)]
  0x00007fd63c991000 JavaThread "AppKit Thread" daemon [_thread_in_native, id=2571, stack(0x00007fff56ebc000,0x00007fff576bc000)]
  0x00007fd63e86b000 JavaThread "Service Thread" daemon [_thread_blocked, id=20995, stack(0x00007000012d0000,0x00007000013d0000)]
  0x00007fd63c82c800 JavaThread "C1 CompilerThread3" daemon [_thread_blocked, id=20483, stack(0x00007000011cd000,0x00007000012cd000)]
  0x00007fd63f031800 JavaThread "C2 CompilerThread2" daemon [_thread_blocked, id=19971, stack(0x00007000010ca000,0x00007000011ca000)]
  0x00007fd63c82c000 JavaThread "C2 CompilerThread1" daemon [_thread_blocked, id=19459, stack(0x0000700000fc7000,0x00007000010c7000)]
  0x00007fd63e81d800 JavaThread "C2 CompilerThread0" daemon [_thread_blocked, id=18947, stack(0x0000700000ec4000,0x0000700000fc4000)]
  0x00007fd63e81d000 JavaThread "Signal Dispatcher" daemon [_thread_blocked, id=14863, stack(0x0000700000dc1000,0x0000700000ec1000)]
  0x00007fd63d80c000 JavaThread "Finalizer" daemon [_thread_blocked, id=14339, stack(0x0000700000c3b000,0x0000700000d3b000)]
  0x00007fd63f800000 JavaThread "Reference Handler" daemon [_thread_blocked, id=13827, stack(0x0000700000b38000,0x0000700000c38000)]
  0x00007fd63c801000 JavaThread "main" [_thread_in_native, id=5891, stack(0x000070000011a000,0x000070000021a000)]

Other Threads:
  0x00007fd63f01f800 VMThread [stack: 0x0000700000a35000,0x0000700000b35000] [id=13315]
  0x00007fd63b813000 WatcherThread [stack: 0x00007000013d3000,0x00007000014d3000] [id=21507]

VM state:not at safepoint (normal execution)

VM Mutex/Monitor currently owned by a thread: None

Heap:
 PSYoungGen      total 76288K, used 39416K [0x000000076ab00000, 0x0000000770000000, 0x00000007c0000000)
  eden space 65536K, 60% used [0x000000076ab00000,0x000000076d17e328,0x000000076eb00000)
  from space 10752K, 0% used [0x000000076f580000,0x000000076f580000,0x0000000770000000)
  to   space 10752K, 0% used [0x000000076eb00000,0x000000076eb00000,0x000000076f580000)
 ParOldGen       total 175104K, used 0K [0x00000006c0000000, 0x00000006cab00000, 0x000000076ab00000)
  object space 175104K, 0% used [0x00000006c0000000,0x00000006c0000000,0x00000006cab00000)
 Metaspace       used 14290K, capacity 14516K, committed 14720K, reserved 1062912K
  class space    used 1714K, capacity 1804K, committed 1920K, reserved 1048576K

Card table byte_map: [0x0000000119b7e000,0x000000011a37f000] byte_map_base: 0x000000011657e000

Marking Bits: (ParMarkBitMap*) 0x000000010a0dee20
 Begin Bits: [0x000000011a8d5000, 0x000000011e8d5000)
 End Bits:   [0x000000011e8d5000, 0x00000001228d5000)

Polling page: 0x00000001087d2000

CodeCache: size=245760Kb used=4419Kb max_used=4419Kb free=241340Kb
 bounds [0x000000010a7be000, 0x000000010ac1e000, 0x00000001197be000]
 total_blobs=1804 nmethods=1179 adapters=539
 compilation: enabled

Compilation events (10 events):
Event: 5.494 Thread 0x00007fd63c82c800 1175       3       java.awt.Component::getContainer (5 bytes)
Event: 5.495 Thread 0x00007fd63c82c800 nmethod 1175 0x000000010ac0e390 code [0x000000010ac0e500, 0x000000010ac0e6f0]
Event: 5.504 Thread 0x00007fd63c82c800 1176       3       javax.swing.JComponent::getWidth (5 bytes)
Event: 5.504 Thread 0x00007fd63c82c800 nmethod 1176 0x000000010ac0e050 code [0x000000010ac0e1c0, 0x000000010ac0e330]
Event: 5.504 Thread 0x00007fd63c82c800 1177       3       javax.swing.JComponent::getHeight (5 bytes)
Event: 5.504 Thread 0x00007fd63c82c800 nmethod 1177 0x000000010ac0dc50 code [0x000000010ac0ddc0, 0x000000010ac0df30]
Event: 5.507 Thread 0x00007fd63c82c800 1178       3       java.awt.Toolkit::getEventQueue (7 bytes)
Event: 5.508 Thread 0x00007fd63c82c800 nmethod 1178 0x000000010ac10750 code [0x000000010ac10900, 0x000000010ac10ea8]
Event: 5.508 Thread 0x00007fd63c82c800 1179       3       sun.awt.SunToolkit::getSystemEventQueueImpl (4 bytes)
Event: 5.508 Thread 0x00007fd63c82c800 nmethod 1179 0x000000010ac10050 code [0x000000010ac101e0, 0x000000010ac105b8]

GC Heap History (0 events):
No events

Deoptimization events (3 events):
Event: 0.152 Thread 0x00007fd63c801000 Uncommon trap: reason=unstable_if action=reinterpret pc=0x000000010a904e44 method=java.lang.String.hashCode()I @ 14
Event: 1.308 Thread 0x00007fd63c801000 Uncommon trap: reason=unstable_if action=reinterpret pc=0x000000010a9ae698 method=java.lang.String.<init>([CII)V @ 18
Event: 1.466 Thread 0x00007fd63c801000 Uncommon trap: reason=unstable_if action=reinterpret pc=0x000000010a9fdadc method=java.lang.String.replace(CC)Ljava/lang/String; @ 26

Internal exceptions (10 events):
Event: 0.149 Thread 0x00007fd63c801000 Exception <a 'java/security/PrivilegedActionException'> (0x000000076afc0858) thrown at [/Users/java_re/workspace/8-2-build-macosx-x86_64/jdk8u65/4987/hotspot/src/share/vm/prims/jvm.cpp, line 1386]
Event: 0.149 Thread 0x00007fd63c801000 Exception <a 'java/security/PrivilegedActionException'> (0x000000076afc0a68) thrown at [/Users/java_re/workspace/8-2-build-macosx-x86_64/jdk8u65/4987/hotspot/src/share/vm/prims/jvm.cpp, line 1386]
Event: 0.171 Thread 0x00007fd63c801000 Exception <a 'java/security/PrivilegedActionException'> (0x000000076b00bd80) thrown at [/Users/java_re/workspace/8-2-build-macosx-x86_64/jdk8u65/4987/hotspot/src/share/vm/prims/jvm.cpp, line 1386]
Event: 0.171 Thread 0x00007fd63c801000 Exception <a 'java/security/PrivilegedActionException'> (0x000000076b00bf90) thrown at [/Users/java_re/workspace/8-2-build-macosx-x86_64/jdk8u65/4987/hotspot/src/share/vm/prims/jvm.cpp, line 1386]
Event: 0.172 Thread 0x00007fd63c801000 Exception <a 'java/security/PrivilegedActionException'> (0x000000076b00f230) thrown at [/Users/java_re/workspace/8-2-build-macosx-x86_64/jdk8u65/4987/hotspot/src/share/vm/prims/jvm.cpp, line 1386]
Event: 0.172 Thread 0x00007fd63c801000 Exception <a 'java/security/PrivilegedActionException'> (0x000000076b00f440) thrown at [/Users/java_re/workspace/8-2-build-macosx-x86_64/jdk8u65/4987/hotspot/src/share/vm/prims/jvm.cpp, line 1386]
Event: 0.216 Thread 0x00007fd63c801000 Exception <a 'java/lang/NoSuchFieldError': method resolution failed> (0x000000076b0dd7f8) thrown at [/Users/java_re/workspace/8-2-build-macosx-x86_64/jdk8u65/4987/hotspot/src/share/vm/prims/methodHandles.cpp, line 1146]
Event: 0.218 Thread 0x00007fd63c801000 Exception <a 'java/lang/NoSuchFieldError': method resolution failed> (0x000000076b0eafc8) thrown at [/Users/java_re/workspace/8-2-build-macosx-x86_64/jdk8u65/4987/hotspot/src/share/vm/prims/methodHandles.cpp, line 1146]
Event: 0.437 Thread 0x00007fd63c801000 Exception <a 'java/io/FileNotFoundException'> (0x000000076b2ae700) thrown at [/Users/java_re/workspace/8-2-build-macosx-x86_64/jdk8u65/4987/hotspot/src/share/vm/prims/jni.cpp, line 709]
Event: 0.437 Thread 0x00007fd63c801000 Exception <a 'java/io/FileNotFoundException'> (0x000000076b2af250) thrown at [/Users/java_re/workspace/8-2-build-macosx-x86_64/jdk8u65/4987/hotspot/src/share/vm/prims/jni.cpp, line 709]

Events (10 events):
Event: 4.330 Thread 0x00007fd63c801000 DEOPT PACKING pc=0x000000010abdca90 sp=0x00007000002195a0
Event: 4.330 Thread 0x00007fd63c801000 DEOPT UNPACKING pc=0x000000010a805633 sp=0x0000700000219330 mode 0
Event: 4.503 Executing VM operation: RevokeBias
Event: 4.503 Executing VM operation: RevokeBias done
Event: 4.757 Executing VM operation: RevokeBias
Event: 4.757 Executing VM operation: RevokeBias done
Event: 5.010 Executing VM operation: RevokeBias
Event: 5.010 Executing VM operation: RevokeBias done
Event: 5.261 Executing VM operation: RevokeBias
Event: 5.261 Executing VM operation: RevokeBias done


Dynamic libraries:
0x000000000a6d2000 	/System/Library/Frameworks/Cocoa.framework/Versions/A/Cocoa
0x000000000a6d2000 	/System/Library/Frameworks/Security.framework/Versions/A/Security
0x000000000a6d2000 	/System/Library/Frameworks/ApplicationServices.framework/Versions/A/ApplicationServices
0x000000000a6d2000 	/usr/lib/libz.1.dylib
0x000000000a6d2000 	/usr/lib/libSystem.B.dylib
0x000000000a6d2000 	/usr/lib/libobjc.A.dylib
0x000000000a6d2000 	/System/Library/Frameworks/CoreFoundation.framework/Versions/A/CoreFoundation
0x000000000a6d2000 	/System/Library/Frameworks/Foundation.framework/Versions/C/Foundation
0x000000000a6d2000 	/System/Library/Frameworks/AppKit.framework/Versions/C/AppKit
0x000000000a6d2000 	/System/Library/Frameworks/CoreData.framework/Versions/A/CoreData
0x000000000a6d2000 	/System/Library/PrivateFrameworks/RemoteViewServices.framework/Versions/A/RemoteViewServices
0x000000000a6d2000 	/System/Library/PrivateFrameworks/UIFoundation.framework/Versions/A/UIFoundation
0x000000000a6d2000 	/usr/lib/libScreenReader.dylib
0x000000000a6d2000 	/System/Library/Frameworks/Accelerate.framework/Versions/A/Accelerate
0x000000000a6d2000 	/System/Library/Frameworks/IOSurface.framework/Versions/A/IOSurface
0x000000000a6d2000 	/System/Library/Frameworks/AudioToolbox.framework/Versions/A/AudioToolbox
0x000000000a6d2000 	/System/Library/Frameworks/AudioUnit.framework/Versions/A/AudioUnit
0x000000000a6d2000 	/System/Library/PrivateFrameworks/DataDetectorsCore.framework/Versions/A/DataDetectorsCore
0x000000000a6d2000 	/System/Library/PrivateFrameworks/DesktopServicesPriv.framework/Versions/A/DesktopServicesPriv
0x000000000a6d2000 	/System/Library/Frameworks/Carbon.framework/Versions/A/Frameworks/HIToolbox.framework/Versions/A/HIToolbox
0x000000000a6d2000 	/System/Library/Frameworks/QuartzCore.framework/Versions/A/QuartzCore
0x000000000a6d2000 	/System/Library/Frameworks/Carbon.framework/Versions/A/Frameworks/SpeechRecognition.framework/Versions/A/SpeechRecognition
0x000000000a6d2000 	/usr/lib/libauto.dylib
0x000000000a6d2000 	/usr/lib/libicucore.A.dylib
0x000000000a6d2000 	/usr/lib/libxml2.2.dylib
0x000000000a6d2000 	/System/Library/PrivateFrameworks/CoreUI.framework/Versions/A/CoreUI
0x000000000a6d2000 	/System/Library/Frameworks/CoreAudio.framework/Versions/A/CoreAudio
0x000000000a6d2000 	/System/Library/Frameworks/DiskArbitration.framework/Versions/A/DiskArbitration
0x000000000a6d2000 	/usr/lib/liblangid.dylib
0x000000000a6d2000 	/System/Library/PrivateFrameworks/MultitouchSupport.framework/Versions/A/MultitouchSupport
0x000000000a6d2000 	/System/Library/Frameworks/IOKit.framework/Versions/A/IOKit
0x000000000a6d2000 	/usr/lib/libDiagnosticMessagesClient.dylib
0x000000000a6d2000 	/System/Library/Frameworks/CoreServices.framework/Versions/A/CoreServices
0x000000000a6d2000 	/System/Library/PrivateFrameworks/PerformanceAnalysis.framework/Versions/A/PerformanceAnalysis
0x000000000a6d2000 	/System/Library/PrivateFrameworks/GenerationalStorage.framework/Versions/A/GenerationalStorage
0x000000000a6d2000 	/System/Library/Frameworks/OpenGL.framework/Versions/A/OpenGL
0x000000000a6d2000 	/System/Library/PrivateFrameworks/Sharing.framework/Versions/A/Sharing
0x000000000a6d2000 	/System/Library/Frameworks/CoreGraphics.framework/Versions/A/CoreGraphics
0x000000000a6d2000 	/System/Library/Frameworks/CoreImage.framework/Versions/A/CoreImage
0x000000000a6d2000 	/System/Library/Frameworks/CoreText.framework/Versions/A/CoreText
0x000000000a6d2000 	/System/Library/Frameworks/ImageIO.framework/Versions/A/ImageIO
0x000000000a6d2000 	/System/Library/PrivateFrameworks/Backup.framework/Versions/A/Backup
0x000000000a6d2000 	/usr/lib/libextension.dylib
0x000000000a6d2000 	/usr/lib/libarchive.2.dylib
0x000000000a6d2000 	/System/Library/Frameworks/CFNetwork.framework/Versions/A/CFNetwork
0x000000000a6d2000 	/System/Library/Frameworks/SystemConfiguration.framework/Versions/A/SystemConfiguration
0x000000000a6d2000 	/usr/lib/libCRFSuite.dylib
0x000000000a6d2000 	/usr/lib/libc++.1.dylib
0x000000000a6d2000 	/usr/lib/libc++abi.dylib
0x000000000a6d2000 	/usr/lib/system/libcache.dylib
0x000000000a6d2000 	/usr/lib/system/libcommonCrypto.dylib
0x000000000a6d2000 	/usr/lib/system/libcompiler_rt.dylib
0x000000000a6d2000 	/usr/lib/system/libcopyfile.dylib
0x000000000a6d2000 	/usr/lib/system/libcorecrypto.dylib
0x000000000a6d2000 	/usr/lib/system/libdispatch.dylib
0x000000000a6d2000 	/usr/lib/system/libdyld.dylib
0x000000000a6d2000 	/usr/lib/system/libkeymgr.dylib
0x000000000a6d2000 	/usr/lib/system/liblaunch.dylib
0x000000000a6d2000 	/usr/lib/system/libmacho.dylib
0x000000000a6d2000 	/usr/lib/system/libquarantine.dylib
0x000000000a6d2000 	/usr/lib/system/libremovefile.dylib
0x000000000a6d2000 	/usr/lib/system/libsystem_asl.dylib
0x000000000a6d2000 	/usr/lib/system/libsystem_blocks.dylib
0x000000000a6d2000 	/usr/lib/system/libsystem_c.dylib
0x000000000a6d2000 	/usr/lib/system/libsystem_configuration.dylib
0x000000000a6d2000 	/usr/lib/system/libsystem_coreservices.dylib
0x000000000a6d2000 	/usr/lib/system/libsystem_coretls.dylib
0x000000000a6d2000 	/usr/lib/system/libsystem_dnssd.dylib
0x000000000a6d2000 	/usr/lib/system/libsystem_info.dylib
0x000000000a6d2000 	/usr/lib/system/libsystem_kernel.dylib
0x000000000a6d2000 	/usr/lib/system/libsystem_m.dylib
0x000000000a6d2000 	/usr/lib/system/libsystem_malloc.dylib
0x000000000a6d2000 	/usr/lib/system/libsystem_network.dylib
0x000000000a6d2000 	/usr/lib/system/libsystem_networkextension.dylib
0x000000000a6d2000 	/usr/lib/system/libsystem_notify.dylib
0x000000000a6d2000 	/usr/lib/system/libsystem_platform.dylib
0x000000000a6d2000 	/usr/lib/system/libsystem_pthread.dylib
0x000000000a6d2000 	/usr/lib/system/libsystem_sandbox.dylib
0x000000000a6d2000 	/usr/lib/system/libsystem_secinit.dylib
0x000000000a6d2000 	/usr/lib/system/libsystem_trace.dylib
0x000000000a6d2000 	/usr/lib/system/libunc.dylib
0x000000000a6d2000 	/usr/lib/system/libunwind.dylib
0x000000000a6d2000 	/usr/lib/system/libxpc.dylib
0x000000000a6d2000 	/usr/lib/libenergytrace.dylib
0x000000000a6d2000 	/usr/lib/libbsm.0.dylib
0x000000000a6d2000 	/usr/lib/system/libkxld.dylib
0x000000000a6d2000 	/usr/lib/libxar.1.dylib
0x000000000a6d2000 	/usr/lib/libsqlite3.dylib
0x000000000a6d2000 	/usr/lib/libpam.2.dylib
0x000000000a6d2000 	/usr/lib/libOpenScriptingUtil.dylib
0x000000000a6d2000 	/usr/lib/libbz2.1.0.dylib
0x000000000a6d2000 	/usr/lib/liblzma.5.dylib
0x000000000a6d2000 	/System/Library/Frameworks/CoreServices.framework/Versions/A/Frameworks/FSEvents.framework/Versions/A/FSEvents
0x000000000a6d2000 	/System/Library/Frameworks/CoreServices.framework/Versions/A/Frameworks/CarbonCore.framework/Versions/A/CarbonCore
0x000000000a6d2000 	/System/Library/Frameworks/CoreServices.framework/Versions/A/Frameworks/Metadata.framework/Versions/A/Metadata
0x000000000a6d2000 	/System/Library/Frameworks/CoreServices.framework/Versions/A/Frameworks/OSServices.framework/Versions/A/OSServices
0x000000000a6d2000 	/System/Library/Frameworks/CoreServices.framework/Versions/A/Frameworks/SearchKit.framework/Versions/A/SearchKit
0x000000000a6d2000 	/System/Library/Frameworks/CoreServices.framework/Versions/A/Frameworks/AE.framework/Versions/A/AE
0x000000000a6d2000 	/System/Library/Frameworks/CoreServices.framework/Versions/A/Frameworks/LaunchServices.framework/Versions/A/LaunchServices
0x000000000a6d2000 	/System/Library/Frameworks/CoreServices.framework/Versions/A/Frameworks/DictionaryServices.framework/Versions/A/DictionaryServices
0x000000000a6d2000 	/System/Library/Frameworks/CoreServices.framework/Versions/A/Frameworks/SharedFileList.framework/Versions/A/SharedFileList
0x000000000a6d2000 	/System/Library/Frameworks/NetFS.framework/Versions/A/NetFS
0x000000000a6d2000 	/System/Library/PrivateFrameworks/NetAuth.framework/Versions/A/NetAuth
0x000000000a6d2000 	/System/Library/PrivateFrameworks/login.framework/Versions/A/Frameworks/loginsupport.framework/Versions/A/loginsupport
0x000000000a6d2000 	/System/Library/PrivateFrameworks/TCC.framework/Versions/A/TCC
0x000000000a6d2000 	/usr/lib/libmecabra.dylib
0x000000000a6d2000 	/System/Library/Frameworks/ApplicationServices.framework/Versions/A/Frameworks/ATS.framework/Versions/A/ATS
0x000000000a6d2000 	/System/Library/Frameworks/ApplicationServices.framework/Versions/A/Frameworks/ColorSync.framework/Versions/A/ColorSync
0x000000000a6d2000 	/System/Library/Frameworks/ApplicationServices.framework/Versions/A/Frameworks/HIServices.framework/Versions/A/HIServices
0x000000000a6d2000 	/System/Library/Frameworks/ApplicationServices.framework/Versions/A/Frameworks/LangAnalysis.framework/Versions/A/LangAnalysis
0x000000000a6d2000 	/System/Library/Frameworks/ApplicationServices.framework/Versions/A/Frameworks/PrintCore.framework/Versions/A/PrintCore
0x000000000a6d2000 	/System/Library/Frameworks/ApplicationServices.framework/Versions/A/Frameworks/QD.framework/Versions/A/QD
0x000000000a6d2000 	/System/Library/Frameworks/ApplicationServices.framework/Versions/A/Frameworks/SpeechSynthesis.framework/Versions/A/SpeechSynthesis
0x000000000a6d2000 	/System/Library/Frameworks/Metal.framework/Versions/A/Metal
0x000000000a6d2000 	/System/Library/Frameworks/Accelerate.framework/Versions/A/Frameworks/vImage.framework/Versions/A/vImage
0x000000000a6d2000 	/System/Library/Frameworks/Accelerate.framework/Versions/A/Frameworks/vecLib.framework/Versions/A/vecLib
0x000000000a6d2000 	/System/Library/Frameworks/Accelerate.framework/Versions/A/Frameworks/vecLib.framework/Versions/A/libvDSP.dylib
0x000000000a6d2000 	/System/Library/Frameworks/Accelerate.framework/Versions/A/Frameworks/vecLib.framework/Versions/A/libvMisc.dylib
0x000000000a6d2000 	/System/Library/Frameworks/Accelerate.framework/Versions/A/Frameworks/vecLib.framework/Versions/A/libLAPACK.dylib
0x000000000a6d2000 	/System/Library/Frameworks/Accelerate.framework/Versions/A/Frameworks/vecLib.framework/Versions/A/libBLAS.dylib
0x000000000a6d2000 	/System/Library/Frameworks/Accelerate.framework/Versions/A/Frameworks/vecLib.framework/Versions/A/libLinearAlgebra.dylib
0x000000000a6d2000 	/System/Library/Frameworks/Accelerate.framework/Versions/A/Frameworks/vecLib.framework/Versions/A/libSparseBLAS.dylib
0x000000000a6d2000 	/System/Library/PrivateFrameworks/GPUCompiler.framework/libmetal_timestamp.dylib
0x000000000a6d2000 	/System/Library/Frameworks/OpenGL.framework/Versions/A/Libraries/libCoreFSCache.dylib
0x000000000a6d2000 	/System/Library/PrivateFrameworks/IOAccelerator.framework/Versions/A/IOAccelerator
0x000000000a6d2000 	/System/Library/Frameworks/ApplicationServices.framework/Versions/A/Frameworks/ATS.framework/Versions/A/Resources/libFontParser.dylib
0x000000000a6d2000 	/System/Library/Frameworks/ApplicationServices.framework/Versions/A/Frameworks/ATS.framework/Versions/A/Resources/libFontRegistry.dylib
0x000000000a6d2000 	/System/Library/PrivateFrameworks/AppleVPA.framework/Versions/A/AppleVPA
0x000000000a6d2000 	/System/Library/PrivateFrameworks/AppleJPEG.framework/Versions/A/AppleJPEG
0x000000000a6d2000 	/System/Library/Frameworks/ImageIO.framework/Versions/A/Resources/libJPEG.dylib
0x000000000a6d2000 	/System/Library/Frameworks/ImageIO.framework/Versions/A/Resources/libTIFF.dylib
0x000000000a6d2000 	/System/Library/Frameworks/ImageIO.framework/Versions/A/Resources/libPng.dylib
0x000000000a6d2000 	/System/Library/Frameworks/ImageIO.framework/Versions/A/Resources/libGIF.dylib
0x000000000a6d2000 	/System/Library/Frameworks/ImageIO.framework/Versions/A/Resources/libJP2.dylib
0x000000000a6d2000 	/System/Library/Frameworks/ImageIO.framework/Versions/A/Resources/libRadiance.dylib
0x000000000a6d2000 	/System/Library/Frameworks/CoreVideo.framework/Versions/A/CoreVideo
0x000000000a6d2000 	/System/Library/Frameworks/OpenGL.framework/Versions/A/Libraries/libGLU.dylib
0x000000000a6d2000 	/System/Library/Frameworks/OpenGL.framework/Versions/A/Libraries/libGFXShared.dylib
0x000000000a6d2000 	/System/Library/Frameworks/OpenGL.framework/Versions/A/Libraries/libGL.dylib
0x000000000a6d2000 	/System/Library/Frameworks/OpenGL.framework/Versions/A/Libraries/libGLImage.dylib
0x000000000a6d2000 	/System/Library/Frameworks/OpenGL.framework/Versions/A/Libraries/libCVMSPluginSupport.dylib
0x000000000a6d2000 	/System/Library/Frameworks/OpenGL.framework/Versions/A/Libraries/libCoreVMClient.dylib
0x000000000a6d2000 	/usr/lib/libcups.2.dylib
0x000000000a6d2000 	/System/Library/Frameworks/Kerberos.framework/Versions/A/Kerberos
0x000000000a6d2000 	/System/Library/Frameworks/GSS.framework/Versions/A/GSS
0x000000000a6d2000 	/usr/lib/libresolv.9.dylib
0x000000000a6d2000 	/usr/lib/libiconv.2.dylib
0x000000000a6d2000 	/System/Library/PrivateFrameworks/Heimdal.framework/Versions/A/Heimdal
0x000000000a6d2000 	/usr/lib/libheimdal-asn1.dylib
0x000000000a6d2000 	/System/Library/Frameworks/OpenDirectory.framework/Versions/A/OpenDirectory
0x000000000a6d2000 	/System/Library/PrivateFrameworks/CommonAuth.framework/Versions/A/CommonAuth
0x000000000a6d2000 	/System/Library/Frameworks/OpenDirectory.framework/Versions/A/Frameworks/CFOpenDirectory.framework/Versions/A/CFOpenDirectory
0x000000000a6d2000 	/System/Library/Frameworks/SecurityFoundation.framework/Versions/A/SecurityFoundation
0x000000000a6d2000 	/System/Library/PrivateFrameworks/LanguageModeling.framework/Versions/A/LanguageModeling
0x000000000a6d2000 	/usr/lib/libmarisa.dylib
0x000000000a6d2000 	/usr/lib/libChineseTokenizer.dylib
0x000000000a6d2000 	/usr/lib/libcmph.dylib
0x000000000a6d2000 	/usr/lib/libcompression.dylib
0x000000000a6d2000 	/System/Library/Frameworks/ServiceManagement.framework/Versions/A/ServiceManagement
0x000000000a6d2000 	/usr/lib/libxslt.1.dylib
0x000000000a6d2000 	/System/Library/Frameworks/Carbon.framework/Versions/A/Frameworks/Ink.framework/Versions/A/Ink
0x000000000a6d2000 	/usr/lib/libFosl_dynamic.dylib
0x000000000a6d2000 	/System/Library/PrivateFrameworks/FaceCore.framework/Versions/A/FaceCore
0x000000000a6d2000 	/System/Library/Frameworks/OpenCL.framework/Versions/A/OpenCL
0x000000000a6d2000 	/System/Library/PrivateFrameworks/CrashReporterSupport.framework/Versions/A/CrashReporterSupport
0x000000000a6d2000 	/System/Library/PrivateFrameworks/IconServices.framework/Versions/A/IconServices
0x000000000a6d2000 	/System/Library/PrivateFrameworks/Apple80211.framework/Versions/A/Apple80211
0x000000000a6d2000 	/System/Library/Frameworks/CoreWLAN.framework/Versions/A/CoreWLAN
0x000000000a6d2000 	/System/Library/Frameworks/IOBluetooth.framework/Versions/A/IOBluetooth
0x000000000a6d2000 	/System/Library/PrivateFrameworks/CoreWiFi.framework/Versions/A/CoreWiFi
0x000000000a6d2000 	/System/Library/Frameworks/CoreBluetooth.framework/Versions/A/CoreBluetooth
0x000000000a6d2000 	/System/Library/PrivateFrameworks/ChunkingLibrary.framework/Versions/A/ChunkingLibrary
0x000000000a6d2000 	/System/Library/PrivateFrameworks/DebugSymbols.framework/Versions/A/DebugSymbols
0x000000000a6d2000 	/System/Library/PrivateFrameworks/CoreSymbolication.framework/Versions/A/CoreSymbolication
0x000000000a6d2000 	/System/Library/PrivateFrameworks/Symbolication.framework/Versions/A/Symbolication
0x000000000a6d2000 	/System/Library/PrivateFrameworks/SpeechRecognitionCore.framework/Versions/A/SpeechRecognitionCore
0x0000000109800000 	/Library/Java/JavaVirtualMachines/jdk1.8.0_65.jdk/Contents/Home/jre/lib/server/libjvm.dylib
0x000000000a6d2000 	/usr/lib/libstdc++.6.dylib
0x00000001087c4000 	/Library/Java/JavaVirtualMachines/jdk1.8.0_65.jdk/Contents/Home/jre/lib/libverify.dylib
0x000000010a789000 	/Library/Java/JavaVirtualMachines/jdk1.8.0_65.jdk/Contents/Home/jre/lib/libjava.dylib
0x00000001087dc000 	/Library/Java/JavaVirtualMachines/jdk1.8.0_65.jdk/Contents/Home/jre/lib/libzip.dylib
0x0000000125873000 	/System/Library/Frameworks/JavaVM.framework/Frameworks/JavaRuntimeSupport.framework/JavaRuntimeSupport
0x00000001087e6000 	/System/Library/Frameworks/JavaVM.framework/Versions/A/Frameworks/JavaNativeFoundation.framework/Versions/A/JavaNativeFoundation
0x000000012588e000 	/System/Library/Frameworks/JavaVM.framework/Versions/A/JavaVM
0x000000000a6d2000 	/System/Library/Frameworks/Carbon.framework/Versions/A/Carbon
0x000000012589b000 	/System/Library/PrivateFrameworks/JavaLaunching.framework/Versions/A/JavaLaunching
0x000000000a6d2000 	/System/Library/Frameworks/Carbon.framework/Versions/A/Frameworks/CommonPanels.framework/Versions/A/CommonPanels
0x000000000a6d2000 	/System/Library/Frameworks/Carbon.framework/Versions/A/Frameworks/Help.framework/Versions/A/Help
0x000000000a6d2000 	/System/Library/Frameworks/Carbon.framework/Versions/A/Frameworks/ImageCapture.framework/Versions/A/ImageCapture
0x000000000a6d2000 	/System/Library/Frameworks/Carbon.framework/Versions/A/Frameworks/OpenScripting.framework/Versions/A/OpenScripting
0x000000000a6d2000 	/System/Library/Frameworks/Carbon.framework/Versions/A/Frameworks/Print.framework/Versions/A/Print
0x000000000a6d2000 	/System/Library/Frameworks/Carbon.framework/Versions/A/Frameworks/SecurityHI.framework/Versions/A/SecurityHI
0x0000000127224000 	/Library/Java/JavaVirtualMachines/jdk1.8.0_65.jdk/Contents/Home/jre/lib/libawt.dylib
0x00000001272cc000 	/Library/Java/JavaVirtualMachines/jdk1.8.0_65.jdk/Contents/Home/jre/lib/./libmlib_image.dylib
0x0000000127398000 	/Library/Java/JavaVirtualMachines/jdk1.8.0_65.jdk/Contents/Home/jre/lib/libawt_lwawt.dylib
0x000000012744d000 	/Library/Java/JavaVirtualMachines/jdk1.8.0_65.jdk/Contents/Home/jre/lib/./libosxapp.dylib
0x000000000a6d2000 	/System/Library/Frameworks/ExceptionHandling.framework/Versions/A/ExceptionHandling
0x000000000a6d2000 	/System/Library/PrivateFrameworks/CoreServicesInternal.framework/Versions/A/CoreServicesInternal
0x000000000a6d2000 	/System/Library/Frameworks/CoreGraphics.framework/Versions/A/Resources/libRIP.A.dylib
0x000000000a6d2000 	/System/Library/Frameworks/Accelerate.framework/Versions/A/Frameworks/vImage.framework/Versions/A/Libraries/libCGInterfaces.dylib
0x000000000a6d2000 	/System/Library/Frameworks/CoreGraphics.framework/Versions/A/Resources/libCGXType.A.dylib
0x000000000a6d2000 	/System/Library/Frameworks/OpenCL.framework/Versions/A/Libraries/libcldcpuengine.dylib
0x000000000a6d2000 	/System/Library/PrivateFrameworks/DiskImages.framework/Versions/A/DiskImages
0x000000000a6d2000 	/System/Library/Frameworks/DiscRecording.framework/Versions/A/DiscRecording
0x000000000a6d2000 	/usr/lib/libcsfde.dylib
0x000000000a6d2000 	/usr/lib/libcurl.4.dylib
0x000000000a6d2000 	/System/Library/PrivateFrameworks/MediaKit.framework/Versions/A/MediaKit
0x000000000a6d2000 	/System/Library/PrivateFrameworks/ProtectedCloudStorage.framework/Versions/A/ProtectedCloudStorage
0x000000000a6d2000 	/usr/lib/libCoreStorage.dylib
0x000000000a6d2000 	/System/Library/PrivateFrameworks/EFILogin.framework/Versions/A/EFILogin
0x000000000a6d2000 	/usr/lib/libutil.dylib
0x000000000a6d2000 	/System/Library/PrivateFrameworks/FindMyDevice.framework/Versions/A/FindMyDevice
0x000000000a6d2000 	/System/Library/Frameworks/LDAP.framework/Versions/A/LDAP
0x000000000a6d2000 	/usr/lib/libsasl2.2.dylib
0x000000000a6d2000 	/System/Library/PrivateFrameworks/CoreDaemon.framework/Versions/B/CoreDaemon
0x000000000a6d2000 	/usr/lib/libcrypto.0.9.8.dylib
0x000000000a6d2000 	/System/Library/PrivateFrameworks/AppleSRP.framework/Versions/A/AppleSRP
0x000000000a6d2000 	/System/Library/PrivateFrameworks/TrustEvaluationAgent.framework/Versions/A/TrustEvaluationAgent
0x0000000128f98000 	cl_kernels
0x000000000a6d2000 	/System/Library/Frameworks/OpenCL.framework/Versions/A/Libraries/ImageFormats/unorm8_bgra.dylib
0x000000000a6d2000 	/System/Library/Frameworks/OpenCL.framework/Versions/A/Libraries/ImageFormats/unorm8_rgba.dylib
0x000000000a6d2000 	/System/Library/PrivateFrameworks/FamilyControls.framework/Versions/A/FamilyControls
0x000000000a6d2000 	/System/Library/PrivateFrameworks/CommerceKit.framework/Versions/A/Frameworks/CommerceCore.framework/Versions/A/CommerceCore
0x000000000a6d2000 	/System/Library/PrivateFrameworks/SystemAdministration.framework/Versions/A/SystemAdministration
0x000000000a6d2000 	/System/Library/PrivateFrameworks/AppContainer.framework/Versions/A/AppContainer
0x000000000a6d2000 	/System/Library/PrivateFrameworks/SecCodeWrapper.framework/Versions/A/SecCodeWrapper
0x000000000a6d2000 	/System/Library/Frameworks/DirectoryService.framework/Versions/A/DirectoryService
0x000000000a6d2000 	/System/Library/PrivateFrameworks/LoginUIKit.framework/Versions/A/Frameworks/LoginUICore.framework/Versions/A/LoginUICore
0x000000000a6d2000 	/usr/lib/libodfde.dylib
0x000000000a6d2000 	/System/Library/Frameworks/OpenGL.framework/Versions/A/Resources/GLEngine.bundle/GLEngine
0x000000000a6d2000 	/System/Library/Frameworks/OpenGL.framework/Versions/A/Libraries/libGLProgrammability.dylib
0x000000012a08e000 	/System/Library/Extensions/AppleIntelHD5000GraphicsGLDriver.bundle/Contents/MacOS/AppleIntelHD5000GraphicsGLDriver
0x000000000a6d2000 	/System/Library/PrivateFrameworks/GPUSupport.framework/Versions/A/Libraries/libGPUSupportMercury.dylib
0x000000000a6d2000 	/System/Library/Frameworks/OpenGL.framework/Versions/A/Resources/GLRendererFloat.bundle/GLRendererFloat
0x000000012b07c000 	/Library/Java/JavaVirtualMachines/jdk1.8.0_65.jdk/Contents/Home/jre/lib/libfontmanager.dylib
0x000000012b0e3000 	/Library/Java/JavaVirtualMachines/jdk1.8.0_65.jdk/Contents/Home/jre/lib/libosxui.dylib
0x000000012e61f000 	/System/Library/Extensions/AppleIntelHD5000GraphicsMTLDriver.bundle/Contents/MacOS/AppleIntelHD5000GraphicsMTLDriver
0x000000012fb3e000 	/Library/Java/JavaVirtualMachines/jdk1.8.0_65.jdk/Contents/Home/jre/lib/libnet.dylib
0x000000012f951000 	/Library/Java/JavaVirtualMachines/jdk1.8.0_65.jdk/Contents/Home/jre/lib/libnio.dylib
0x000000000a6d2000 	/System/Library/Frameworks/ApplicationServices.framework/Versions/A/Frameworks/ATS.framework/Versions/A/Resources/libTrueTypeScaler.dylib
0x000000018094d000 	/private/var/folders/64/18bvb_6d4rz984kglqq6p2lr0000gn/T/javacpp2771736433594/libopencv_core.3.0.dylib
0x0000000180bd5000 	/private/var/folders/64/18bvb_6d4rz984kglqq6p2lr0000gn/T/javacpp2771736433594/libopencv_imgproc.3.0.dylib
0x0000000180f22000 	/private/var/folders/64/18bvb_6d4rz984kglqq6p2lr0000gn/T/javacpp2771736433594/libjniopencv_core.dylib
0x000000018145d000 	/private/var/folders/64/18bvb_6d4rz984kglqq6p2lr0000gn/T/javacpp2771736433594/libjniopencv_imgproc.dylib
0x000000018151b000 	/private/var/folders/64/18bvb_6d4rz984kglqq6p2lr0000gn/T/javacpp2771736433594/libopencv_imgcodecs.3.0.dylib
0x00000001817a0000 	/private/var/folders/64/18bvb_6d4rz984kglqq6p2lr0000gn/T/javacpp2771736433594/libjniopencv_imgcodecs.dylib
0x00000001817ba000 	/private/var/folders/64/18bvb_6d4rz984kglqq6p2lr0000gn/T/javacpp2771736433594/libopencv_videoio.3.0.dylib
0x000000000a6d2000 	/System/Library/Frameworks/QTKit.framework/Versions/A/QTKit
0x000000000a6d2000 	/System/Library/Frameworks/AVFoundation.framework/Versions/A/AVFoundation
0x000000000a6d2000 	/System/Library/Frameworks/CoreMedia.framework/Versions/A/CoreMedia
0x000000000a6d2000 	/System/Library/Frameworks/MediaToolbox.framework/Versions/A/MediaToolbox
0x000000000a6d2000 	/System/Library/Frameworks/VideoToolbox.framework/Versions/A/VideoToolbox
0x000000000a6d2000 	/System/Library/PrivateFrameworks/CoreMediaAuthoring.framework/Versions/A/CoreMediaAuthoring
0x000000000a6d2000 	/System/Library/Frameworks/CoreMediaIO.framework/Versions/A/CoreMediaIO
0x000000000a6d2000 	/System/Library/Frameworks/AVFoundation.framework/Versions/A/Resources/libAVFAudio.dylib
0x000000000a6d2000 	/usr/lib/libspindump.dylib
0x000000000a6d2000 	/System/Library/PrivateFrameworks/CoreAVCHD.framework/Versions/A/CoreAVCHD
0x000000000a6d2000 	/System/Library/Frameworks/MediaAccessibility.framework/Versions/A/MediaAccessibility
0x000000000a6d2000 	/System/Library/PrivateFrameworks/Mangrove.framework/Versions/A/Mangrove
0x000000000a6d2000 	/System/Library/PrivateFrameworks/CoreAUC.framework/Versions/A/CoreAUC
0x000000000a6d2000 	/System/Library/PrivateFrameworks/AppleVA.framework/Versions/A/AppleVA
0x000000000a6d2000 	/System/Library/PrivateFrameworks/XPCService.framework/Versions/A/XPCService
0x000000000a6d2000 	/System/Library/PrivateFrameworks/AppSandbox.framework/Versions/A/AppSandbox
0x000000000a6d2000 	/usr/lib/libsandbox.1.dylib
0x000000000a6d2000 	/usr/lib/libMatch.1.dylib
0x00000001817da000 	/private/var/folders/64/18bvb_6d4rz984kglqq6p2lr0000gn/T/javacpp2771736433594/libjniopencv_videoio.dylib
0x00000001817ed000 	/System/Library/Extensions/AppleHDA.kext/Contents/PlugIns/AppleHDAHALPlugIn.bundle/Contents/MacOS/AppleHDAHALPlugIn
0x00000001817f7000 	/Library/CoreMediaIO/Plug-Ins/DAL/AppleCamera.plugin/Contents/MacOS/AppleCamera
0x0000000181822000 	/System/Library/Frameworks/CoreMediaIO.framework/Resources/CMIOUnits.bundle/Contents/MacOS/CMIOUnits
0x00000001819ae000 	/System/Library/PrivateFrameworks/FWAVC.framework/Versions/A/FWAVC
0x000000000a6d2000 	/System/Library/PrivateFrameworks/AppleGVA.framework/Versions/A/AppleGVA
0x000000012c5fe000 	/private/var/folders/64/18bvb_6d4rz984kglqq6p2lr0000gn/T/javacpp2771736433594/libavutil.54.dylib
0x000000012c086000 	/System/Library/Frameworks/VideoDecodeAcceleration.framework/Versions/A/VideoDecodeAcceleration
0x000000012c661000 	/private/var/folders/64/18bvb_6d4rz984kglqq6p2lr0000gn/T/javacpp2771736433594/libjniavutil.dylib
0x000000012c08e000 	/private/var/folders/64/18bvb_6d4rz984kglqq6p2lr0000gn/T/javacpp2771736433594/libswresample.1.dylib
0x000000012c6eb000 	/private/var/folders/64/18bvb_6d4rz984kglqq6p2lr0000gn/T/javacpp2771736433594/libjniswresample.dylib
0x00000001845f2000 	/private/var/folders/64/18bvb_6d4rz984kglqq6p2lr0000gn/T/javacpp2771736433594/libavcodec.56.dylib
0x000000012c6f7000 	/private/var/folders/64/18bvb_6d4rz984kglqq6p2lr0000gn/T/javacpp2771736433594/libjniavcodec.dylib
0x000000012edad000 	/private/var/folders/64/18bvb_6d4rz984kglqq6p2lr0000gn/T/javacpp2771736433594/libavformat.56.dylib
0x000000012c9ba000 	/private/var/folders/64/18bvb_6d4rz984kglqq6p2lr0000gn/T/javacpp2771736433594/libjniavformat.dylib
0x000000012e7d5000 	/private/var/folders/64/18bvb_6d4rz984kglqq6p2lr0000gn/T/javacpp2771736433594/libswscale.3.dylib
0x0000000128b4d000 	/private/var/folders/64/18bvb_6d4rz984kglqq6p2lr0000gn/T/javacpp2771736433594/libjniswscale.dylib

VM Arguments:
jvm_args: -Dfile.encoding=UTF-8 
java_command: com.emaraic.CamRecorder
java_class_path (initial): /Users/Emaraic/Personal/CS/Topics/Computer Vision/Libraries & APIs/OpenCV/Setups/javacv-1.0-bin/javacv-bin/artoolkitplus-android-arm.jar:/Users/Emaraic/Personal/CS/Topics/Computer Vision/Libraries & APIs/OpenCV/Setups/javacv-1.0-bin/javacv-bin/artoolkitplus-android-x86.jar:/Users/Emaraic/Personal/CS/Topics/Computer Vision/Libraries & APIs/OpenCV/Setups/javacv-1.0-bin/javacv-bin/artoolkitplus-linux-x86.jar:/Users/Emaraic/Personal/CS/Topics/Computer Vision/Libraries & APIs/OpenCV/Setups/javacv-1.0-bin/javacv-bin/artoolkitplus-linux-x86_64.jar:/Users/Emaraic/Personal/CS/Topics/Computer Vision/Libraries & APIs/OpenCV/Setups/javacv-1.0-bin/javacv-bin/artoolkitplus-macosx-x86_64.jar:/Users/Emaraic/Personal/CS/Topics/Computer Vision/Libraries & APIs/OpenCV/Setups/javacv-1.0-bin/javacv-bin/artoolkitplus-windows-x86.jar:/Users/Emaraic/Personal/CS/Topics/Computer Vision/Libraries & APIs/OpenCV/Setups/javacv-1.0-bin/javacv-bin/artoolkitplus-windows-x86_64.jar:/Users/Emaraic/Personal/CS/Topics/Computer Vision/Libraries & APIs/OpenCV/Setups/javacv-1.0-bin/javacv-bin/artoolkitplus.jar:/Users/Emaraic/Personal/CS/Topics/Computer Vision/Libraries & APIs/OpenCV/Setups/javacv-1.0-bin/javacv-bin/ffmpeg-android-arm.jar:/Users/Emaraic/Personal/CS/Topics/Computer Vision/Libraries & APIs/OpenCV/Setups/javacv-1.0-bin/javacv-bin/ffmpeg-android-x86.jar:/Users/Emaraic/Personal/CS/Topics/Computer Vision/Libraries & APIs/OpenCV/Setups/javacv-1.0-bin/javacv-bin/ffmpeg-linux-x86.jar:/Users/Emaraic/Personal/CS/Topics/Computer Vision/Libraries & APIs/OpenCV/Setups/javacv-1.0-bin/javacv-bin/ffmpeg-linux-x86_64.jar:/Users/Emaraic/Personal/CS/Topics/Computer Vision/Libraries & APIs/OpenCV/Setups/javacv-1.0-bin/javacv-bin/ffmpeg-macosx-x86_64.jar:/Users/Emaraic/Personal/CS/Topics/Computer Vision/Libraries & APIs/OpenCV/Setups/javacv-1.0-bin/javacv-bin/ffmpeg-windows-x86.jar:/Users/Emaraic/Personal/CS/Topics/Computer Vision/Libraries & APIs/OpenCV/Setups/javacv-1.0-bin/javacv
Launcher Type: SUN_STANDARD

Environment Variables:
PATH=/usr/bin:/bin:/usr/sbin:/sbin
LD_LIBRARY_PATH=/Library/Java/JavaVirtualMachines/jdk1.8.0_65.jdk/Contents/Home/jre/lib/amd64:/Library/Java/JavaVirtualMachines/jdk1.8.0_65.jdk/Contents/Home/jre/lib/i386:
SHELL=/bin/bash

Signal Handlers:
SIGSEGV: [libjvm.dylib+0x5a6d31], sa_mask[0]=11111111011111110111111111111111, sa_flags=SA_ONSTACK|SA_RESTART|SA_SIGINFO
SIGBUS: [libjvm.dylib+0x5a6d31], sa_mask[0]=11111111011111110111111111111111, sa_flags=SA_RESTART|SA_SIGINFO
SIGFPE: [libjvm.dylib+0x480a40], sa_mask[0]=11111111011111110111111111111111, sa_flags=SA_RESTART|SA_SIGINFO
SIGPIPE: [libjvm.dylib+0x480a40], sa_mask[0]=11111111011111110111111111111111, sa_flags=SA_RESTART|SA_SIGINFO
SIGXFSZ: [libjvm.dylib+0x480a40], sa_mask[0]=11111111011111110111111111111111, sa_flags=SA_RESTART|SA_SIGINFO
SIGILL: [libjvm.dylib+0x480a40], sa_mask[0]=11111111011111110111111111111111, sa_flags=SA_RESTART|SA_SIGINFO
SIGUSR1: SIG_DFL, sa_mask[0]=00000000000000000000000000000000, sa_flags=none
SIGUSR2: [libjvm.dylib+0x48055e], sa_mask[0]=00100000000000000000000000000000, sa_flags=SA_RESTART|SA_SIGINFO
SIGHUP: [libjvm.dylib+0x47eb35], sa_mask[0]=11111111011111110111111111111111, sa_flags=SA_RESTART|SA_SIGINFO
SIGINT: SIG_IGN, sa_mask[0]=00000000000000000000000000000000, sa_flags=none
SIGTERM: [libjvm.dylib+0x47eb35], sa_mask[0]=11111111011111110111111111111111, sa_flags=SA_RESTART|SA_SIGINFO
SIGQUIT: [libjvm.dylib+0x47eb35], sa_mask[0]=11111111011111110111111111111111, sa_flags=SA_RESTART|SA_SIGINFO


---------------  S Y S T E M  ---------------

OS:Bsduname:Darwin 15.3.0 Darwin Kernel Version 15.3.0: Thu Dec 10 18:40:58 PST 2015; root:xnu-3248.30.4~1/RELEASE_X86_64 x86_64
rlimit: STACK 8192k, CORE 0k, NPROC 709, NOFILE 10240, AS infinity
load average:2.24 2.12 1.92

CPU:total 8 (4 cores per cpu, 2 threads per core) family 6 model 70 stepping 1, cmov, cx8, fxsr, mmx, sse, sse2, sse3, ssse3, sse4.1, sse4.2, popcnt, avx, avx2, aes, clmul, erms, lzcnt, ht, tsc, tscinvbit, bmi1, bmi2

Memory: 4k page, physical 16777216k(2853840k free)

/proc/meminfo:


vm_info: Java HotSpot(TM) 64-Bit Server VM (25.65-b01) for bsd-amd64 JRE (1.8.0_65-b17), built on Oct  6 2015 15:36:46 by "java_re" with gcc 4.2.1 (Based on Apple Inc. build 5658) (LLVM build 2336.11.00)

time: Mon Mar 14 17:50:09 2016
elapsed time: 5 seconds (0d 0h 0m 5s)

